Using pre-set license
Built from '2021.1/staging' branch; Version is '2021.1.24f1 (6667702a1e7c) revision 6711152'; Using compiler version '192528614'; Build Type 'Release'
OS: 'Windows 10 Home; OS build 19043.1415; Version 2009; 64bit' Language: 'en' Physical Memory: 8082 MB
BatchMode: 1, IsHumanControllingUs: 0, StartBugReporterOnCrash: 0, Is64bit: 1, IsPro: 0

COMMAND LINE ARGUMENTS:
C:\Program Files\Unity\Hub\Editor\2021.1.24f1\Editor\Unity.exe
-adb2
-batchMode
-noUpm
-name
AssetImportWorker1
-projectPath
C:/Users/jo12t/Documents/GitHub/FPS-game/New Unity Project
-logFile
Logs/AssetImportWorker1.log
-srvPort
60461
Successfully changed project path to: C:/Users/jo12t/Documents/GitHub/FPS-game/New Unity Project
C:/Users/jo12t/Documents/GitHub/FPS-game/New Unity Project
Using Asset Import Pipeline V2.
Refreshing native plugins compatible for Editor in 138.58 ms, found 3 plugins.
Preloading 0 native plugins for Editor in 0.00 ms.
Initialize engine version: 2021.1.24f1 (6667702a1e7c)
[Subsystems] Discovering subsystems at path C:/Program Files/Unity/Hub/Editor/2021.1.24f1/Editor/Data/Resources/UnitySubsystems
[Subsystems] Discovering subsystems at path C:/Users/jo12t/Documents/GitHub/FPS-game/New Unity Project/Assets
GfxDevice: creating device client; threaded=0; jobified=0
Direct3D:
    Version:  Direct3D 11.0 [level 11.1]
    Renderer: AMD Radeon (TM) R7 M340 (ID=0x6900)
    Vendor:   ATI
    VRAM:     2038 MB
    Driver:   27.20.1034.6
Initialize mono
Mono path[0] = 'C:/Program Files/Unity/Hub/Editor/2021.1.24f1/Editor/Data/Managed'
Mono path[1] = 'C:/Program Files/Unity/Hub/Editor/2021.1.24f1/Editor/Data/MonoBleedingEdge/lib/mono/unityjit'
Mono config path = 'C:/Program Files/Unity/Hub/Editor/2021.1.24f1/Editor/Data/MonoBleedingEdge/etc'
Using monoOptions --debugger-agent=transport=dt_socket,embedding=1,server=y,suspend=n,address=127.0.0.1:56280
Begin MonoManager ReloadAssembly
Registering precompiled unity dll's ...
Register platform support module: C:/Program Files/Unity/Hub/Editor/2021.1.24f1/Editor/Data/PlaybackEngines/WindowsStandaloneSupport/UnityEditor.WindowsStandalone.Extensions.dll
Registered in 0.002509 seconds.
Native extension for WindowsStandalone target not found
Refreshing native plugins compatible for Editor in 150.78 ms, found 3 plugins.
Preloading 0 native plugins for Editor in 0.00 ms.
Mono: successfully reloaded assembly
- Completed reload, in  1.932 seconds
Domain Reload Profiling:
	ReloadAssembly (1933ms)
		BeginReloadAssembly (120ms)
			ExecutionOrderSort (0ms)
			DisableScriptedObjects (0ms)
			BackupInstance (0ms)
			ReleaseScriptingObjects (0ms)
			CreateAndSetChildDomain (1ms)
		EndReloadAssembly (738ms)
			LoadAssemblies (118ms)
			RebuildTransferFunctionScriptingTraits (0ms)
			SetupTypeCache (240ms)
			ReleaseScriptCaches (0ms)
			RebuildScriptCaches (52ms)
			SetupLoadedEditorAssemblies (371ms)
				LogAssemblyErrors (0ms)
				InitializePlatformSupportModulesInManaged (10ms)
				SetLoadedEditorAssemblies (0ms)
				RefreshPlugins (151ms)
				BeforeProcessingInitializeOnLoad (2ms)
				ProcessInitializeOnLoadAttributes (155ms)
				ProcessInitializeOnLoadMethodAttributes (53ms)
				AfterProcessingInitializeOnLoad (0ms)
				EditorAssembliesLoaded (0ms)
			ExecutionOrderSort2 (0ms)
			AwakeInstancesAfterBackupRestoration (0ms)
Platform modules already initialized, skipping
Registering precompiled user dll's ...
Registered in 0.007579 seconds.
Begin MonoManager ReloadAssembly
Symbol file LoadedFromMemory doesn't match image C:\Users\jo12t\Documents\GitHub\FPS-game\New Unity Project\Library\PackageCache\com.unity.visualscripting@1.6.1\Editor\VisualScripting.Core\Dependencies\YamlDotNet\Unity.VisualScripting.YamlDotNet.dll
Symbol file LoadedFromMemory doesn't match image C:\Users\jo12t\Documents\GitHub\FPS-game\New Unity Project\Library\PackageCache\com.unity.visualscripting@1.6.1\Editor\VisualScripting.Core\Dependencies\DotNetZip\Unity.VisualScripting.IonicZip.dll
Native extension for WindowsStandalone target not found
Refreshing native plugins compatible for Editor in 0.70 ms, found 3 plugins.
Preloading 0 native plugins for Editor in 0.00 ms.
Mono: successfully reloaded assembly
- Completed reload, in  1.833 seconds
Domain Reload Profiling:
	ReloadAssembly (1835ms)
		BeginReloadAssembly (280ms)
			ExecutionOrderSort (0ms)
			DisableScriptedObjects (9ms)
			BackupInstance (0ms)
			ReleaseScriptingObjects (0ms)
			CreateAndSetChildDomain (31ms)
		EndReloadAssembly (1431ms)
			LoadAssemblies (216ms)
			RebuildTransferFunctionScriptingTraits (0ms)
			SetupTypeCache (529ms)
			ReleaseScriptCaches (1ms)
			RebuildScriptCaches (77ms)
			SetupLoadedEditorAssemblies (492ms)
				LogAssemblyErrors (0ms)
				InitializePlatformSupportModulesInManaged (9ms)
				SetLoadedEditorAssemblies (1ms)
				RefreshPlugins (1ms)
				BeforeProcessingInitializeOnLoad (100ms)
				ProcessInitializeOnLoadAttributes (364ms)
				ProcessInitializeOnLoadMethodAttributes (8ms)
				AfterProcessingInitializeOnLoad (10ms)
				EditorAssembliesLoaded (0ms)
			ExecutionOrderSort2 (0ms)
			AwakeInstancesAfterBackupRestoration (9ms)
Platform modules already initialized, skipping
========================================================================
Worker process is ready to serve import requests
Launched and connected shader compiler UnityShaderCompiler.exe after 0.12 seconds
Refreshing native plugins compatible for Editor in 0.84 ms, found 3 plugins.
Preloading 0 native plugins for Editor in 0.00 ms.
Unloading 3082 Unused Serialized files (Serialized files now loaded: 0)
System memory in use before: 125.5 MB.
System memory in use after: 125.3 MB.

Unloading 22 unused Assets to reduce memory usage. Loaded Objects now: 3545.
Total: 4.627300 ms (FindLiveObjects: 0.324600 ms CreateObjectMapping: 0.230500 ms MarkObjects: 3.811300 ms  DeleteObjects: 0.259500 ms)

AssetImportParameters requested are different than current active one (requested -> active):
  custom:framework-win-MediaFoundation: 216162199b28c13a410421893ffa2e32 -> 
  custom:video-decoder-ogg-theora: a1e56fd34408186e4bbccfd4996cb3dc -> 
  custom:container-muxer-webm: aa71ff27fc2769a1b78a27578f13a17b -> 
  custom:container-demuxer-webm: 4f35f7cbe854078d1ac9338744f61a02 -> 
  custom:container-demuxer-ogg: 62fdf1f143b41e24485cea50d1cbac27 -> 
  custom:video-encoder-webm-vp8: eb34c28f22e8b96e1ab97ce403110664 -> 
  custom:video-decoder-webm-vp8: 9c59270c3fd7afecdb556c50c9e8de78 -> 
  custom:audio-decoder-ogg-vorbis: bf7c407c2cedff20999df2af8eb42d56 -> 
  custom:audio-encoder-webm-vorbis: bf7c407c2cedff20999df2af8eb42d56 -> 
========================================================================
Received Import Request.
  path: Assets/Weapons_ChamferZone/Grenade/textures/WPNT_MK2Grenade_MetallicSmoothness.png
  artifactKey: Guid(1591fc723e8c1464cbdc4cae03bf7877) Importer(815301076,1909f56bfc062723c751e8b465ee728b)
Start importing Assets/Weapons_ChamferZone/Grenade/textures/WPNT_MK2Grenade_MetallicSmoothness.png using Guid(1591fc723e8c1464cbdc4cae03bf7877) Importer(815301076,1909f56bfc062723c751e8b465ee728b)  -> (artifact id: '5fc2a911c0c027d26d0669e3556801e4') in 0.190348 seconds 
========================================================================
Received Import Request.
  Time since last request: 0.000233 seconds.
  path: Assets/DelthorGames/AKM/Materials/AKM_Mat.mat
  artifactKey: Guid(08d76a9e6d6712d4aa9193bdb4f6b55f) Importer(815301076,1909f56bfc062723c751e8b465ee728b)
Start importing Assets/DelthorGames/AKM/Materials/AKM_Mat.mat using Guid(08d76a9e6d6712d4aa9193bdb4f6b55f) Importer(815301076,1909f56bfc062723c751e8b465ee728b)  -> (artifact id: '649d4e5bd4687523fd57fa7ec65773c5') in 0.558851 seconds 
========================================================================
Received Import Request.
  Time since last request: 0.000336 seconds.
  path: Assets/DelthorGames/AKM/HowToUse.txt
  artifactKey: Guid(80cfc9f5e8fbfa1458fdd439aeb9cfec) Importer(815301076,1909f56bfc062723c751e8b465ee728b)
Start importing Assets/DelthorGames/AKM/HowToUse.txt using Guid(80cfc9f5e8fbfa1458fdd439aeb9cfec) Importer(815301076,1909f56bfc062723c751e8b465ee728b)  -> (artifact id: 'b58b4c4af5e63b29abb714314626ad00') in 0.021196 seconds 
========================================================================
Received Import Request.
  Time since last request: 0.000245 seconds.
  path: Assets/Weapons_ChamferZone/Grenade/Materials/WPNM_MK2Grenade.mat
  artifactKey: Guid(9952917b17613844b8581ba61f3066c5) Importer(815301076,1909f56bfc062723c751e8b465ee728b)
Start importing Assets/Weapons_ChamferZone/Grenade/Materials/WPNM_MK2Grenade.mat using Guid(9952917b17613844b8581ba61f3066c5) Importer(815301076,1909f56bfc062723c751e8b465ee728b)  -> (artifact id: '83b2afb1a21513e4581bec00404257cc') in 0.422697 seconds 
========================================================================
Received Import Request.
  Time since last request: 0.000244 seconds.
  path: Assets/Weapons_ChamferZone/Grenade/textures/WPNT_MK2Grenade_Ambient_occlusion.tga
  artifactKey: Guid(4538c729867cd354492e549d6887baa1) Importer(815301076,1909f56bfc062723c751e8b465ee728b)
Start importing Assets/Weapons_ChamferZone/Grenade/textures/WPNT_MK2Grenade_Ambient_occlusion.tga using Guid(4538c729867cd354492e549d6887baa1) Importer(815301076,1909f56bfc062723c751e8b465ee728b)  -> (artifact id: 'cdf6a4819e5f613f06d78a91ce34f5c6') in 0.035434 seconds 
========================================================================
Received Import Request.
  Time since last request: 0.000321 seconds.
  path: Assets/Weapons_ChamferZone/Grenade/textures/WPNT_MK2Grenade_Normal.png
  artifactKey: Guid(a85141477674dff4996f4477c9ed12f1) Importer(815301076,1909f56bfc062723c751e8b465ee728b)
Start importing Assets/Weapons_ChamferZone/Grenade/textures/WPNT_MK2Grenade_Normal.png using Guid(a85141477674dff4996f4477c9ed12f1) Importer(815301076,1909f56bfc062723c751e8b465ee728b)  -> (artifact id: 'eb94fd4c3ea0f2afcd419ea7f3149e6f') in 0.042160 seconds 
========================================================================
Received Import Request.
  Time since last request: 0.000399 seconds.
  path: Assets/DelthorGames/AKM/Materials/MP7_Mat.mat
  artifactKey: Guid(eceb40346ac30284d8d2879766137112) Importer(815301076,1909f56bfc062723c751e8b465ee728b)
Start importing Assets/DelthorGames/AKM/Materials/MP7_Mat.mat using Guid(eceb40346ac30284d8d2879766137112) Importer(815301076,1909f56bfc062723c751e8b465ee728b)  -> (artifact id: '2e5d2135b654cb3c6c773bcc55c08a1e') in 0.056760 seconds 
========================================================================
Received Import Request.
  Time since last request: 0.000251 seconds.
  path: Assets/Weapons_ChamferZone/Grenade/textures/WPNT_MK2Grenade_AlbedoTransparency.png
  artifactKey: Guid(d9f1d02b18360e54e8ba5004a018832c) Importer(815301076,1909f56bfc062723c751e8b465ee728b)
Start importing Assets/Weapons_ChamferZone/Grenade/textures/WPNT_MK2Grenade_AlbedoTransparency.png using Guid(d9f1d02b18360e54e8ba5004a018832c) Importer(815301076,1909f56bfc062723c751e8b465ee728b)  -> (artifact id: '96df29abb5534c673b6de21f486e4bab') in 0.023832 seconds 
========================================================================
Received Import Request.
  Time since last request: 14.072046 seconds.
  path: Assets/DelthorGames/AKM/Models/AKM.fbx
  artifactKey: Guid(99fcce1f10b2ebd4a8cd31a345f6bed8) Importer(815301076,1909f56bfc062723c751e8b465ee728b)
Start importing Assets/DelthorGames/AKM/Models/AKM.fbx using Guid(99fcce1f10b2ebd4a8cd31a345f6bed8) Importer(815301076,1909f56bfc062723c751e8b465ee728b)  -> (artifact id: '45b412a6f72a10369ab81e5a21cfc99a') in 0.477270 seconds 
========================================================================
Received Import Request.
  Time since last request: 0.000355 seconds.
  path: Assets/DelthorGames/AKM/Models/MP7.fbx
  artifactKey: Guid(54d027096ec13a44da2aa38f08ce45db) Importer(815301076,1909f56bfc062723c751e8b465ee728b)
Start importing Assets/DelthorGames/AKM/Models/MP7.fbx using Guid(54d027096ec13a44da2aa38f08ce45db) Importer(815301076,1909f56bfc062723c751e8b465ee728b)  -> (artifact id: '1dbc14c771c30252271efd63870c1b78') in 0.534059 seconds 
========================================================================
Received Import Request.
  Time since last request: 4.223885 seconds.
  path: Assets/DelthorGames/AKM/Prefabs/AKM.prefab
  artifactKey: Guid(67f716418f7ba2146a845739c7782755) Importer(815301076,1909f56bfc062723c751e8b465ee728b)
Start importing Assets/DelthorGames/AKM/Prefabs/AKM.prefab using Guid(67f716418f7ba2146a845739c7782755) Importer(815301076,1909f56bfc062723c751e8b465ee728b)  -> (artifact id: '0663228d0981b2ec8d8231037adc6c46') in 0.048650 seconds 
========================================================================
Received Import Request.
  Time since last request: 0.000306 seconds.
  path: Assets/DelthorGames/AKM/Prefabs/MP7.prefab
  artifactKey: Guid(a59b0609ea2fa5f44823a30f5c7ce800) Importer(815301076,1909f56bfc062723c751e8b465ee728b)
Start importing Assets/DelthorGames/AKM/Prefabs/MP7.prefab using Guid(a59b0609ea2fa5f44823a30f5c7ce800) Importer(815301076,1909f56bfc062723c751e8b465ee728b)  -> (artifact id: '2b4ff35609e006abc66805c051f87299') in 0.063470 seconds 
========================================================================
Received Import Request.
  Time since last request: 4.528869 seconds.
  path: Assets/DelthorGames/AKM/Textures/AKMDis_Mat4K_NormalOpenGLFix.png
  artifactKey: Guid(80fda85ccf513bb448c4524e625a3b62) Importer(815301076,1909f56bfc062723c751e8b465ee728b)
Start importing Assets/DelthorGames/AKM/Textures/AKMDis_Mat4K_NormalOpenGLFix.png using Guid(80fda85ccf513bb448c4524e625a3b62) Importer(815301076,1909f56bfc062723c751e8b465ee728b)  -> (artifact id: '13a145bf76de88f9ba41918ffef54995') in 0.024984 seconds 
========================================================================
Received Import Request.
  Time since last request: 0.000348 seconds.
  path: Assets/DelthorGames/AKM/Textures/AKMDis_Mat_Emission.png
  artifactKey: Guid(c3dbe8c6e34132c4b9d8d50206d19a31) Importer(815301076,1909f56bfc062723c751e8b465ee728b)
Start importing Assets/DelthorGames/AKM/Textures/AKMDis_Mat_Emission.png using Guid(c3dbe8c6e34132c4b9d8d50206d19a31) Importer(815301076,1909f56bfc062723c751e8b465ee728b)  -> (artifact id: '2f84eb328ab6c38f56dad3c5a424b1fa') in 0.030971 seconds 
========================================================================
Received Import Request.
  Time since last request: 0.000417 seconds.
  path: Assets/DelthorGames/AKM/Textures/AKMDis_Mat_AlbedoTransparency.png
  artifactKey: Guid(05694d3d0fd443d4fb8e7a3d9271a870) Importer(815301076,1909f56bfc062723c751e8b465ee728b)
Start importing Assets/DelthorGames/AKM/Textures/AKMDis_Mat_AlbedoTransparency.png using Guid(05694d3d0fd443d4fb8e7a3d9271a870) Importer(815301076,1909f56bfc062723c751e8b465ee728b)  -> (artifact id: '4a9160ecfbb06830b48ec1c77d879c47') in 0.028440 seconds 
========================================================================
Received Import Request.
  Time since last request: 0.000345 seconds.
  path: Assets/DelthorGames/AKM/Textures/MP7Dis_Material_MetallicSmoothness.png
  artifactKey: Guid(dc463d396c23c3046968b42d1423283f) Importer(815301076,1909f56bfc062723c751e8b465ee728b)
Start importing Assets/DelthorGames/AKM/Textures/MP7Dis_Material_MetallicSmoothness.png using Guid(dc463d396c23c3046968b42d1423283f) Importer(815301076,1909f56bfc062723c751e8b465ee728b)  -> (artifact id: 'f09ea311fd53b9797a0270746bbb77a6') in 0.025565 seconds 
========================================================================
Received Import Request.
  Time since last request: 0.000835 seconds.
  path: Assets/DelthorGames/AKM/Textures/AKMDis_Mat_AO.png
  artifactKey: Guid(13830bcfb3a8e004d93ff25bad454c8a) Importer(815301076,1909f56bfc062723c751e8b465ee728b)
Start importing Assets/DelthorGames/AKM/Textures/AKMDis_Mat_AO.png using Guid(13830bcfb3a8e004d93ff25bad454c8a) Importer(815301076,1909f56bfc062723c751e8b465ee728b)  -> (artifact id: '27dc96adc32c621c05049f0fc6a9565f') in 0.032655 seconds 
========================================================================
Received Import Request.
  Time since last request: 0.000324 seconds.
  path: Assets/DelthorGames/AKM/Textures/AKMDis_Mat_MetallicSmoothness.png
  artifactKey: Guid(9492c443a3af7e54baa12dc95bdf7660) Importer(815301076,1909f56bfc062723c751e8b465ee728b)
Start importing Assets/DelthorGames/AKM/Textures/AKMDis_Mat_MetallicSmoothness.png using Guid(9492c443a3af7e54baa12dc95bdf7660) Importer(815301076,1909f56bfc062723c751e8b465ee728b)  -> (artifact id: '0acc955f5aabf1e90a28500bfc79b715') in 0.027752 seconds 
========================================================================
Received Import Request.
  Time since last request: 0.000247 seconds.
  path: Assets/DelthorGames/AKM/Textures/MP7Dis_Material_Roughness.png
  artifactKey: Guid(ebba96e645ea51c448ddc8707b2bceb0) Importer(815301076,1909f56bfc062723c751e8b465ee728b)
Start importing Assets/DelthorGames/AKM/Textures/MP7Dis_Material_Roughness.png using Guid(ebba96e645ea51c448ddc8707b2bceb0) Importer(815301076,1909f56bfc062723c751e8b465ee728b)  -> (artifact id: '8a19df83055c8b1e3142cb2c8f8df447') in 0.024855 seconds 
========================================================================
Received Import Request.
  Time since last request: 0.000291 seconds.
  path: Assets/DelthorGames/AKM/Textures/MP7Dis_Material_AlbedoTransparency.png
  artifactKey: Guid(3c7c55fd86631b94a9f34d81067dfde4) Importer(815301076,1909f56bfc062723c751e8b465ee728b)
Start importing Assets/DelthorGames/AKM/Textures/MP7Dis_Material_AlbedoTransparency.png using Guid(3c7c55fd86631b94a9f34d81067dfde4) Importer(815301076,1909f56bfc062723c751e8b465ee728b)  -> (artifact id: 'e5a4611e6400b86c439194cfa66f9395') in 0.029401 seconds 
========================================================================
Received Import Request.
  Time since last request: 0.000350 seconds.
  path: Assets/DelthorGames/AKM/Textures/MP7Dis_Material_NormalDirectX.png
  artifactKey: Guid(bf066f398c8409a42b36b797895ac8b6) Importer(815301076,1909f56bfc062723c751e8b465ee728b)
Start importing Assets/DelthorGames/AKM/Textures/MP7Dis_Material_NormalDirectX.png using Guid(bf066f398c8409a42b36b797895ac8b6) Importer(815301076,1909f56bfc062723c751e8b465ee728b)  -> (artifact id: '15872a50ac700e3f95768d7808a48a98') in 0.030985 seconds 
========================================================================
Received Import Request.
  Time since last request: 0.000332 seconds.
  path: Assets/DelthorGames/AKM/Textures/AKMDis_Mat_Roughness.png
  artifactKey: Guid(f93e7d11111564d47a022d4640605868) Importer(815301076,1909f56bfc062723c751e8b465ee728b)
Start importing Assets/DelthorGames/AKM/Textures/AKMDis_Mat_Roughness.png using Guid(f93e7d11111564d47a022d4640605868) Importer(815301076,1909f56bfc062723c751e8b465ee728b)  -> (artifact id: '2921b9018c39fe2051e1763490649c2d') in 0.029276 seconds 
========================================================================
Received Import Request.
  Time since last request: 0.000275 seconds.
  path: Assets/DelthorGames/AKM/Textures/MP7Dis_Material_Height.png
  artifactKey: Guid(9e1b6a0bbfe36d84abf7bc3631508a16) Importer(815301076,1909f56bfc062723c751e8b465ee728b)
Start importing Assets/DelthorGames/AKM/Textures/MP7Dis_Material_Height.png using Guid(9e1b6a0bbfe36d84abf7bc3631508a16) Importer(815301076,1909f56bfc062723c751e8b465ee728b)  -> (artifact id: '3f1362d1bca7b6478aceae5ce8392b94') in 0.029791 seconds 
========================================================================
Received Import Request.
  Time since last request: 0.000252 seconds.
  path: Assets/DelthorGames/AKM/Textures/AKMDis_Mat_Height.png
  artifactKey: Guid(8b69847459ee14e4090c46ab5d24043a) Importer(815301076,1909f56bfc062723c751e8b465ee728b)
Start importing Assets/DelthorGames/AKM/Textures/AKMDis_Mat_Height.png using Guid(8b69847459ee14e4090c46ab5d24043a) Importer(815301076,1909f56bfc062723c751e8b465ee728b)  -> (artifact id: '1a67c7716568914fe5e27dcefc268e08') in 0.027199 seconds 
========================================================================
Received Import Request.
  Time since last request: 0.000300 seconds.
  path: Assets/DelthorGames/AKM/Textures/MP7Dis_Material_AO.png
  artifactKey: Guid(eaef7c7c0bd40254c8501a87135ad232) Importer(815301076,1909f56bfc062723c751e8b465ee728b)
Start importing Assets/DelthorGames/AKM/Textures/MP7Dis_Material_AO.png using Guid(eaef7c7c0bd40254c8501a87135ad232) Importer(815301076,1909f56bfc062723c751e8b465ee728b)  -> (artifact id: 'c83e236fb70e8f535a7dafa1851d9b84') in 0.030274 seconds 
========================================================================
Received Import Request.
  Time since last request: 0.000284 seconds.
  path: Assets/DelthorGames/AKM/Textures/MP7Dis_Material_NormalOpenGL.png
  artifactKey: Guid(7f55b561f0fab6c4ea92ff8e27102204) Importer(815301076,1909f56bfc062723c751e8b465ee728b)
Start importing Assets/DelthorGames/AKM/Textures/MP7Dis_Material_NormalOpenGL.png using Guid(7f55b561f0fab6c4ea92ff8e27102204) Importer(815301076,1909f56bfc062723c751e8b465ee728b)  -> (artifact id: '5326eaf64e95bd16368cb03adc7aa383') in 0.030715 seconds 
========================================================================
Received Import Request.
  Time since last request: 0.000261 seconds.
  path: Assets/DelthorGames/AKM/Textures/MP7Dis_Material_Emission.png
  artifactKey: Guid(bfb68bdaa38a8b84a82ca22a83ad039e) Importer(815301076,1909f56bfc062723c751e8b465ee728b)
Start importing Assets/DelthorGames/AKM/Textures/MP7Dis_Material_Emission.png using Guid(bfb68bdaa38a8b84a82ca22a83ad039e) Importer(815301076,1909f56bfc062723c751e8b465ee728b)  -> (artifact id: 'f4ad66a6608cca2fc09fcdec088b7175') in 0.025716 seconds 
========================================================================
Received Import Request.
  Time since last request: 249.305584 seconds.
  path: Assets/_Bad_Raccoon/_3D Realistic Terrain Free/Example_01/LightingData.asset
  artifactKey: Guid(6f93540415d98e246bc508281cdacc30) Importer(815301076,1909f56bfc062723c751e8b465ee728b)
Start importing Assets/_Bad_Raccoon/_3D Realistic Terrain Free/Example_01/LightingData.asset using Guid(6f93540415d98e246bc508281cdacc30) Importer(815301076,1909f56bfc062723c751e8b465ee728b)  -> (artifact id: '45ab3b7f945ac93e60fdaf8049709d18') in 0.035300 seconds 
========================================================================
Received Import Request.
  Time since last request: 0.000394 seconds.
  path: Assets/_Bad_Raccoon/_3D Realistic Terrain Free/Example_01/ReflectionProbe-0.exr
  artifactKey: Guid(c27c16560abed1d42b6e480044cc1927) Importer(815301076,1909f56bfc062723c751e8b465ee728b)
Start importing Assets/_Bad_Raccoon/_3D Realistic Terrain Free/Example_01/ReflectionProbe-0.exr using Guid(c27c16560abed1d42b6e480044cc1927) Importer(815301076,1909f56bfc062723c751e8b465ee728b)  -> (artifact id: '75c7eec96b3bcde09a07b19d01f2c244') in 0.114809 seconds 
========================================================================
Received Import Request.
  Time since last request: 0.604134 seconds.
  path: Assets/_Bad_Raccoon/_3D Realistic Terrain Free/Prefabs/Particle_Cloud_Atmos_A.prefab
  artifactKey: Guid(66f7129f685bccb4082b66a0cc4c3c99) Importer(815301076,1909f56bfc062723c751e8b465ee728b)
Start importing Assets/_Bad_Raccoon/_3D Realistic Terrain Free/Prefabs/Particle_Cloud_Atmos_A.prefab using Guid(66f7129f685bccb4082b66a0cc4c3c99) Importer(815301076,1909f56bfc062723c751e8b465ee728b)  -> (artifact id: '76c8f8921c96517fc69b6157c8bf4265') in 0.191203 seconds 
========================================================================
Received Import Request.
  Time since last request: 0.002216 seconds.
  path: Assets/_Bad_Raccoon/_3D Realistic Terrain Free/Prefabs/Particle_Cloud_Atmos_B.prefab
  artifactKey: Guid(4e5bf2674ffac8d48acc0a1cc9200a67) Importer(815301076,1909f56bfc062723c751e8b465ee728b)
Start importing Assets/_Bad_Raccoon/_3D Realistic Terrain Free/Prefabs/Particle_Cloud_Atmos_B.prefab using Guid(4e5bf2674ffac8d48acc0a1cc9200a67) Importer(815301076,1909f56bfc062723c751e8b465ee728b)  -> (artifact id: 'df35abc0676f02a60c0c1a3ce7fc8071') in 0.049146 seconds 
========================================================================
Received Import Request.
  Time since last request: 3.668093 seconds.
  path: Assets/_Bad_Raccoon/_3D Realistic Terrain Free/Terrains/Terrain_A.asset
  artifactKey: Guid(23d26b86ae9aa7042832be147d4e4f83) Importer(815301076,1909f56bfc062723c751e8b465ee728b)
Start importing Assets/_Bad_Raccoon/_3D Realistic Terrain Free/Terrains/Terrain_A.asset using Guid(23d26b86ae9aa7042832be147d4e4f83) Importer(815301076,1909f56bfc062723c751e8b465ee728b)  -> (artifact id: 'b2414dcd09a416000d013e2ce3e86fb0') in 0.757511 seconds 
========================================================================
Received Import Request.
  Time since last request: 0.000419 seconds.
  path: Assets/_Bad_Raccoon/_3D Realistic Terrain Free/Textures/Detail_Bump_01.png
  artifactKey: Guid(81ffbb4169ee1bd478a96b890f63e665) Importer(815301076,1909f56bfc062723c751e8b465ee728b)
Start importing Assets/_Bad_Raccoon/_3D Realistic Terrain Free/Textures/Detail_Bump_01.png using Guid(81ffbb4169ee1bd478a96b890f63e665) Importer(815301076,1909f56bfc062723c751e8b465ee728b)  -> (artifact id: '68789cb92c95f423b586d44efd014e77') in 0.143508 seconds 
========================================================================
Received Import Request.
  Time since last request: 0.000771 seconds.
  path: Assets/_Bad_Raccoon/_3D Realistic Terrain Free/Textures/Skybox.mat
  artifactKey: Guid(a91a831221cf96c42a5483d5ce1d14e4) Importer(815301076,1909f56bfc062723c751e8b465ee728b)
Start importing Assets/_Bad_Raccoon/_3D Realistic Terrain Free/Textures/Skybox.mat using Guid(a91a831221cf96c42a5483d5ce1d14e4) Importer(815301076,1909f56bfc062723c751e8b465ee728b)  -> (artifact id: '19bedc69fdbb3bcec001b60c3b6e2d02') in 0.479891 seconds 
========================================================================
Received Import Request.
  Time since last request: 0.000440 seconds.
  path: Assets/_Bad_Raccoon/_3D Realistic Terrain Free/Terrains/Terrain_A.prefab
  artifactKey: Guid(80a25b3596c79c3469cefdec12b31546) Importer(815301076,1909f56bfc062723c751e8b465ee728b)
Start importing Assets/_Bad_Raccoon/_3D Realistic Terrain Free/Terrains/Terrain_A.prefab using Guid(80a25b3596c79c3469cefdec12b31546) Importer(815301076,1909f56bfc062723c751e8b465ee728b)  -> (artifact id: '9c2408c68900f685ae3716e67106c327') in 0.017086 seconds 
========================================================================
Received Import Request.
  Time since last request: 0.000279 seconds.
  path: Assets/_Bad_Raccoon/_3D Realistic Terrain Free/Textures/Ao_4K_Flat_A.png
  artifactKey: Guid(a232a6eb993443a46a05026f0c5bf755) Importer(815301076,1909f56bfc062723c751e8b465ee728b)
Start importing Assets/_Bad_Raccoon/_3D Realistic Terrain Free/Textures/Ao_4K_Flat_A.png using Guid(a232a6eb993443a46a05026f0c5bf755) Importer(815301076,1909f56bfc062723c751e8b465ee728b)  -> (artifact id: '8e8d7c4916d73b12896e399290cc4aca') in 0.079036 seconds 
========================================================================
Received Import Request.
  Time since last request: 0.000728 seconds.
  path: Assets/_Bad_Raccoon/_3D Realistic Terrain Free/Textures/Grass_Sprite_01.psd
  artifactKey: Guid(003130d2c67e6e34ea2cb4755e0df65c) Importer(815301076,1909f56bfc062723c751e8b465ee728b)
Start importing Assets/_Bad_Raccoon/_3D Realistic Terrain Free/Textures/Grass_Sprite_01.psd using Guid(003130d2c67e6e34ea2cb4755e0df65c) Importer(815301076,1909f56bfc062723c751e8b465ee728b)  -> (artifact id: '9de235bd4330ff35069e254e922592ee') in 0.058661 seconds 
========================================================================
Received Import Request.
  Time since last request: 0.000344 seconds.
  path: Assets/_Bad_Raccoon/_3D Realistic Terrain Free/Textures/CloudBlur.png
  artifactKey: Guid(372589839a9c7c84594bb21c04c76f09) Importer(815301076,1909f56bfc062723c751e8b465ee728b)
Start importing Assets/_Bad_Raccoon/_3D Realistic Terrain Free/Textures/CloudBlur.png using Guid(372589839a9c7c84594bb21c04c76f09) Importer(815301076,1909f56bfc062723c751e8b465ee728b)  -> (artifact id: 'c60d17368ab2931a8bf3ad41d290f2e2') in 0.062767 seconds 
========================================================================
Received Import Request.
  Time since last request: 0.000396 seconds.
  path: Assets/_Bad_Raccoon/_3D Realistic Terrain Free/Textures/Diffuse_8K_Flat_A.png
  artifactKey: Guid(61cd40e5a441efb4e8e848d1633a38ae) Importer(815301076,1909f56bfc062723c751e8b465ee728b)
Start importing Assets/_Bad_Raccoon/_3D Realistic Terrain Free/Textures/Diffuse_8K_Flat_A.png using Guid(61cd40e5a441efb4e8e848d1633a38ae) Importer(815301076,1909f56bfc062723c751e8b465ee728b)  -> (artifact id: 'bc0110dfb236d6bf3488a9828bff2f9c') in 0.377841 seconds 
========================================================================
Received Import Request.
  Time since last request: 0.000651 seconds.
  path: Assets/_Bad_Raccoon/_3D Realistic Terrain Free/Textures/Diffuse_8K_Flat_B.png
  artifactKey: Guid(fc768d5bf2927494197b36691d6fc6f4) Importer(815301076,1909f56bfc062723c751e8b465ee728b)
Start importing Assets/_Bad_Raccoon/_3D Realistic Terrain Free/Textures/Diffuse_8K_Flat_B.png using Guid(fc768d5bf2927494197b36691d6fc6f4) Importer(815301076,1909f56bfc062723c751e8b465ee728b)  -> (artifact id: 'be61bf6b92d48ade691cec87a81d1e36') in 0.327175 seconds 
========================================================================
Received Import Request.
  Time since last request: 0.001737 seconds.
  path: Assets/_Bad_Raccoon/_3D Realistic Terrain Free/Textures/Diffuse_8K_Flat_C.png
  artifactKey: Guid(217529463d18ec548b3ae57962bfa781) Importer(815301076,1909f56bfc062723c751e8b465ee728b)
Start importing Assets/_Bad_Raccoon/_3D Realistic Terrain Free/Textures/Diffuse_8K_Flat_C.png using Guid(217529463d18ec548b3ae57962bfa781) Importer(815301076,1909f56bfc062723c751e8b465ee728b)  -> (artifact id: '5f4212605ec8b3e08d1f8e444d6e8c4b') in 0.318626 seconds 
========================================================================
Received Import Request.
  Time since last request: 0.001166 seconds.
  path: Assets/_Bad_Raccoon/_3D Realistic Terrain Free/Terrains/Terrain_Diffuse.terrainlayer
  artifactKey: Guid(137d633620436354481d24463efb3deb) Importer(815301076,1909f56bfc062723c751e8b465ee728b)
Start importing Assets/_Bad_Raccoon/_3D Realistic Terrain Free/Terrains/Terrain_Diffuse.terrainlayer using Guid(137d633620436354481d24463efb3deb) Importer(815301076,1909f56bfc062723c751e8b465ee728b)  -> (artifact id: '50b15ce01cb22719e3d3ae4356f7ee00') in 0.665565 seconds 
========================================================================
Received Import Request.
  Time since last request: 0.002278 seconds.
  path: Assets/_Bad_Raccoon/_3D Realistic Terrain Free/Terrains/Terrain_A.mat
  artifactKey: Guid(67d8742ef68267b4895b0a8c82145879) Importer(815301076,1909f56bfc062723c751e8b465ee728b)
Start importing Assets/_Bad_Raccoon/_3D Realistic Terrain Free/Terrains/Terrain_A.mat using Guid(67d8742ef68267b4895b0a8c82145879) Importer(815301076,1909f56bfc062723c751e8b465ee728b)  -> (artifact id: '997168d8165bc346c09c8b6e56b81e5b') in 1.735814 seconds 
========================================================================
Received Import Request.
  Time since last request: 0.000545 seconds.
  path: Assets/_Bad_Raccoon/_3D Realistic Terrain Free/Textures/CloudBlur.mat
  artifactKey: Guid(a6003e66fc76447488796c7f0b80851c) Importer(815301076,1909f56bfc062723c751e8b465ee728b)
Start importing Assets/_Bad_Raccoon/_3D Realistic Terrain Free/Textures/CloudBlur.mat using Guid(a6003e66fc76447488796c7f0b80851c) Importer(815301076,1909f56bfc062723c751e8b465ee728b)  -> (artifact id: '4a0f117c1396a3af5f86542324ebe6c9') in 0.069367 seconds 
========================================================================
Received Import Request.
  Time since last request: 0.000376 seconds.
  path: Assets/_Bad_Raccoon/_3D Realistic Terrain Free/Textures/Normal_8K_Flat_A.png
  artifactKey: Guid(25730c9c127766f4cacd99fd1288f0be) Importer(815301076,1909f56bfc062723c751e8b465ee728b)
Start importing Assets/_Bad_Raccoon/_3D Realistic Terrain Free/Textures/Normal_8K_Flat_A.png using Guid(25730c9c127766f4cacd99fd1288f0be) Importer(815301076,1909f56bfc062723c751e8b465ee728b)  -> (artifact id: '761e782a4f16426e5db31c7b5b38af83') in 0.388178 seconds 
========================================================================
Received Import Request.
  Time since last request: 231.223161 seconds.
  path: Assets/Materiais/M_Plane.mat
  artifactKey: Guid(fe1768a31b5a4154c91b58dc24248e86) Importer(815301076,1909f56bfc062723c751e8b465ee728b)
Start importing Assets/Materiais/M_Plane.mat using Guid(fe1768a31b5a4154c91b58dc24248e86) Importer(815301076,1909f56bfc062723c751e8b465ee728b)  -> (artifact id: 'd02f5562fc8b983b17e3e849ebe9a44c') in 0.022041 seconds 
========================================================================
Received Import Request.
  Time since last request: 0.000518 seconds.
  path: Assets/Materiais/Player_M.mat
  artifactKey: Guid(7ece4be587ae5a34bba75f2580b26a84) Importer(815301076,1909f56bfc062723c751e8b465ee728b)
Start importing Assets/Materiais/Player_M.mat using Guid(7ece4be587ae5a34bba75f2580b26a84) Importer(815301076,1909f56bfc062723c751e8b465ee728b)  -> (artifact id: '2b55d75969d11d4642ce1c48c4967d87') in 0.031758 seconds 
========================================================================
Received Import Request.
  Time since last request: 9.104368 seconds.
  path: Assets/SampleScenes/Menu/Prefabs/EventSystem.prefab
  artifactKey: Guid(af6c1d82d375aa54c81180d14d62761e) Importer(815301076,1909f56bfc062723c751e8b465ee728b)
Start importing Assets/SampleScenes/Menu/Prefabs/EventSystem.prefab using Guid(af6c1d82d375aa54c81180d14d62761e) Importer(815301076,1909f56bfc062723c751e8b465ee728b)  -> (artifact id: '5d9311272ad1a4a345dd9be804c1c1a5') in 0.015754 seconds 
========================================================================
Received Import Request.
  Time since last request: 0.000412 seconds.
  path: Assets/SampleScenes/Menu/Prefabs/MainMenuUI.prefab
  artifactKey: Guid(2c438794b43b9534189eff0d7d79335a) Importer(815301076,1909f56bfc062723c751e8b465ee728b)
Start importing Assets/SampleScenes/Menu/Prefabs/MainMenuUI.prefab using Guid(2c438794b43b9534189eff0d7d79335a) Importer(815301076,1909f56bfc062723c751e8b465ee728b)  -> (artifact id: 'a9a00ad83e421ad8695f90666f4b6eed') in 0.076920 seconds 
========================================================================
Received Import Request.
  Time since last request: 0.000340 seconds.
  path: Assets/SampleScenes/Menu/Prefabs/MainMenuLoader.prefab
  artifactKey: Guid(9d86e6c6b9ce74f9ab00b6c214035130) Importer(815301076,1909f56bfc062723c751e8b465ee728b)
Start importing Assets/SampleScenes/Menu/Prefabs/MainMenuLoader.prefab using Guid(9d86e6c6b9ce74f9ab00b6c214035130) Importer(815301076,1909f56bfc062723c751e8b465ee728b)  -> (artifact id: 'f77a5705d440975da56c70537cf0b429') in 0.034412 seconds 
========================================================================
Received Import Request.
  Time since last request: 0.000433 seconds.
  path: Assets/SampleScenes/Menu/Prefabs/NetworkGameMenuUI.prefab
  artifactKey: Guid(da4ad5eaeea795c4c889dcf86db7ca39) Importer(815301076,1909f56bfc062723c751e8b465ee728b)
Start importing Assets/SampleScenes/Menu/Prefabs/NetworkGameMenuUI.prefab using Guid(da4ad5eaeea795c4c889dcf86db7ca39) Importer(815301076,1909f56bfc062723c751e8b465ee728b)  -> (artifact id: 'a45cac01e6ef971a41d4f01d37e0bb52') in 0.022367 seconds 
========================================================================
Received Import Request.
  Time since last request: 0.000420 seconds.
  path: Assets/SampleScenes/Menu/Prefabs/NetworkScoreBarUI.prefab
  artifactKey: Guid(3da1cd500d4e06d4bb56050e320d9b22) Importer(815301076,1909f56bfc062723c751e8b465ee728b)
Start importing Assets/SampleScenes/Menu/Prefabs/NetworkScoreBarUI.prefab using Guid(3da1cd500d4e06d4bb56050e320d9b22) Importer(815301076,1909f56bfc062723c751e8b465ee728b)  -> (artifact id: '820a7e438515d4bd94f3428ee4637ca8') in 0.020798 seconds 
========================================================================
Received Import Request.
  Time since last request: 1.130355 seconds.
  path: Assets/SampleScenes/Menu/Sprites/LogoUnitySprite.png
  artifactKey: Guid(7d6d5225d5a2b40e3959b66d13b6e29c) Importer(815301076,1909f56bfc062723c751e8b465ee728b)
Start importing Assets/SampleScenes/Menu/Sprites/LogoUnitySprite.png using Guid(7d6d5225d5a2b40e3959b66d13b6e29c) Importer(815301076,1909f56bfc062723c751e8b465ee728b)  -> (artifact id: 'a8f7e387c8113d2d2771f09d97660343') in 0.037777 seconds 
========================================================================
Received Import Request.
  Time since last request: 0.000375 seconds.
  path: Assets/SampleScenes/Menu/Sprites/MenuCornerTopRightSprite.png
  artifactKey: Guid(2b592d40fd47980478920e3ed65b0985) Importer(815301076,1909f56bfc062723c751e8b465ee728b)
Start importing Assets/SampleScenes/Menu/Sprites/MenuCornerTopRightSprite.png using Guid(2b592d40fd47980478920e3ed65b0985) Importer(815301076,1909f56bfc062723c751e8b465ee728b)  -> (artifact id: 'eb948aa80d7cf92c6a81236dc6d4937c') in 0.037124 seconds 
========================================================================
Received Import Request.
  Time since last request: 4.068098 seconds.
  path: Assets/SampleScenes/Models/Brick.fbx
  artifactKey: Guid(9ced0c52dc1504d4da20513052fdc602) Importer(815301076,1909f56bfc062723c751e8b465ee728b)
Start importing Assets/SampleScenes/Models/Brick.fbx using Guid(9ced0c52dc1504d4da20513052fdc602) Importer(815301076,1909f56bfc062723c751e8b465ee728b)  -> (artifact id: '81965d36c75466f7d24e35b5fba72ec0') in 0.334940 seconds 
========================================================================
Received Import Request.
  Time since last request: 0.000436 seconds.
  path: Assets/SampleScenes/Models/PrimaryJumpRamp.fbx
  artifactKey: Guid(e5a593bc7144a6c45b7a3d4543355ec4) Importer(815301076,1909f56bfc062723c751e8b465ee728b)
Start importing Assets/SampleScenes/Models/PrimaryJumpRamp.fbx using Guid(e5a593bc7144a6c45b7a3d4543355ec4) Importer(815301076,1909f56bfc062723c751e8b465ee728b)  -> (artifact id: '813634a46831af397936ee5248cd1019') in 0.036384 seconds 
========================================================================
Received Import Request.
  Time since last request: 0.000416 seconds.
  path: Assets/SampleScenes/Models/LaserBolt.fbx
  artifactKey: Guid(ee3f0b52fe10f194fb33c1423defa973) Importer(815301076,1909f56bfc062723c751e8b465ee728b)
Start importing Assets/SampleScenes/Models/LaserBolt.fbx using Guid(ee3f0b52fe10f194fb33c1423defa973) Importer(815301076,1909f56bfc062723c751e8b465ee728b)  -> (artifact id: 'a515072303cbc342fd4b07dbb36169d4') in 0.045396 seconds 
========================================================================
Received Import Request.
  Time since last request: 0.000291 seconds.
  path: Assets/SampleScenes/Models/GoalPosts.fbx
  artifactKey: Guid(dbd33ca8053b5cb4790c6766343d4fb9) Importer(815301076,1909f56bfc062723c751e8b465ee728b)
Start importing Assets/SampleScenes/Models/GoalPosts.fbx using Guid(dbd33ca8053b5cb4790c6766343d4fb9) Importer(815301076,1909f56bfc062723c751e8b465ee728b)  -> (artifact id: '9b7281b16225165ec2b7e7fb1233dd1f') in 0.037345 seconds 
========================================================================
Received Import Request.
  Time since last request: 0.000305 seconds.
  path: Assets/SampleScenes/Models/GroundTrack.fbx
  artifactKey: Guid(2afa5a1773ca1f84f98c062866a8be55) Importer(815301076,1909f56bfc062723c751e8b465ee728b)
Start importing Assets/SampleScenes/Models/GroundTrack.fbx using Guid(2afa5a1773ca1f84f98c062866a8be55) Importer(815301076,1909f56bfc062723c751e8b465ee728b)  -> (artifact id: '85c572e1d3e85912b047ad75f0b69545') in 0.203821 seconds 
========================================================================
Received Import Request.
  Time since last request: 0.000352 seconds.
  path: Assets/SampleScenes/Models/GroundRunway.FBX
  artifactKey: Guid(b02e63c7c24117e45acd64f6e5ede314) Importer(815301076,1909f56bfc062723c751e8b465ee728b)
Start importing Assets/SampleScenes/Models/GroundRunway.FBX using Guid(b02e63c7c24117e45acd64f6e5ede314) Importer(815301076,1909f56bfc062723c751e8b465ee728b)  -> (artifact id: '71126b4fdbfd21e8b0d7892275c47775') in 0.067288 seconds 
========================================================================
Received Import Request.
  Time since last request: 0.000275 seconds.
  path: Assets/SampleScenes/Models/Pickup.fbx
  artifactKey: Guid(959be6347b65b7a4c9baa6bc323541fd) Importer(815301076,1909f56bfc062723c751e8b465ee728b)
Start importing Assets/SampleScenes/Models/Pickup.fbx using Guid(959be6347b65b7a4c9baa6bc323541fd) Importer(815301076,1909f56bfc062723c751e8b465ee728b)  -> (artifact id: 'dd94a0409087a1ea087824074160b80d') in 0.040402 seconds 
========================================================================
Received Import Request.
  Time since last request: 0.000244 seconds.
  path: Assets/SampleScenes/Models/Ring.fbx
  artifactKey: Guid(ccb151eac4280a94c95575e12e56865a) Importer(815301076,1909f56bfc062723c751e8b465ee728b)
Start importing Assets/SampleScenes/Models/Ring.fbx using Guid(ccb151eac4280a94c95575e12e56865a) Importer(815301076,1909f56bfc062723c751e8b465ee728b)  -> (artifact id: '125eb7b8c29e4738a51785bd2586e39a') in 0.037563 seconds 
========================================================================
Received Import Request.
  Time since last request: 0.000324 seconds.
  path: Assets/SampleScenes/Models/Cube.fbx
  artifactKey: Guid(ef6178546f77bc546af127fb4c56da0c) Importer(815301076,1909f56bfc062723c751e8b465ee728b)
Start importing Assets/SampleScenes/Models/Cube.fbx using Guid(ef6178546f77bc546af127fb4c56da0c) Importer(815301076,1909f56bfc062723c751e8b465ee728b)  -> (artifact id: '23108cfb1ac789fed8b697e33d05f1ec') in 0.040448 seconds 
========================================================================
Received Import Request.
  Time since last request: 0.000601 seconds.
  path: Assets/SampleScenes/Models/Loop.fbx
  artifactKey: Guid(1d47ea6078c7f594e9aaf5f353bf61ba) Importer(815301076,1909f56bfc062723c751e8b465ee728b)
Start importing Assets/SampleScenes/Models/Loop.fbx using Guid(1d47ea6078c7f594e9aaf5f353bf61ba) Importer(815301076,1909f56bfc062723c751e8b465ee728b)  -> (artifact id: 'bc764d5f3e0230145a434f6e78df6a8a') in 0.034287 seconds 
========================================================================
Received Import Request.
  Time since last request: 0.000325 seconds.
  path: Assets/SampleScenes/Models/Platforms.fbx
  artifactKey: Guid(c35d6bf90f6954140bdbb6cd51b608ac) Importer(815301076,1909f56bfc062723c751e8b465ee728b)
Start importing Assets/SampleScenes/Models/Platforms.fbx using Guid(c35d6bf90f6954140bdbb6cd51b608ac) Importer(815301076,1909f56bfc062723c751e8b465ee728b)  -> (artifact id: '3f2ea1aaa27e5ef5d56d94fa62ada662') in 0.034550 seconds 
========================================================================
Received Import Request.
  Time since last request: 0.000394 seconds.
  path: Assets/SampleScenes/Models/MiniRamps.fbx
  artifactKey: Guid(b87e14348acae3449a86167ae5521ac4) Importer(815301076,1909f56bfc062723c751e8b465ee728b)
Start importing Assets/SampleScenes/Models/MiniRamps.fbx using Guid(b87e14348acae3449a86167ae5521ac4) Importer(815301076,1909f56bfc062723c751e8b465ee728b)  -> (artifact id: '6d7f9c4c7fc773860a04659cce0855f3') in 0.054964 seconds 
========================================================================
Received Import Request.
  Time since last request: 0.000256 seconds.
  path: Assets/SampleScenes/Models/Platform.fbx
  artifactKey: Guid(41807bb6e4134a34aaf92fbad2e07bbc) Importer(815301076,1909f56bfc062723c751e8b465ee728b)
Start importing Assets/SampleScenes/Models/Platform.fbx using Guid(41807bb6e4134a34aaf92fbad2e07bbc) Importer(815301076,1909f56bfc062723c751e8b465ee728b)  -> (artifact id: '1c274d88592753f6eeadb7bfb3d0cb39') in 0.038802 seconds 
========================================================================
Received Import Request.
  Time since last request: 0.000327 seconds.
  path: Assets/SampleScenes/Models/Pillar.fbx
  artifactKey: Guid(2f1a6a1aa4c4ac74096a01849d901a17) Importer(815301076,1909f56bfc062723c751e8b465ee728b)
Start importing Assets/SampleScenes/Models/Pillar.fbx using Guid(2f1a6a1aa4c4ac74096a01849d901a17) Importer(815301076,1909f56bfc062723c751e8b465ee728b)  -> (artifact id: 'fd523737aa1183ff062bbd2d4b588597') in 0.039822 seconds 
========================================================================
Received Import Request.
  Time since last request: 0.000352 seconds.
  path: Assets/SampleScenes/Models/GroundObstacles.FBX
  artifactKey: Guid(f57127cfcc32ab9419af130b6a9211fb) Importer(815301076,1909f56bfc062723c751e8b465ee728b)
Start importing Assets/SampleScenes/Models/GroundObstacles.FBX using Guid(f57127cfcc32ab9419af130b6a9211fb) Importer(815301076,1909f56bfc062723c751e8b465ee728b)  -> (artifact id: 'e1d7357f444ed82e2d5dc68d1fcac9ca') in 0.067977 seconds 
========================================================================
Received Import Request.
  Time since last request: 0.000330 seconds.
  path: Assets/SampleScenes/Models/RampElevated.fbx
  artifactKey: Guid(18dd8d7cbc4bc6a49ba9d26e2994c5bf) Importer(815301076,1909f56bfc062723c751e8b465ee728b)
Start importing Assets/SampleScenes/Models/RampElevated.fbx using Guid(18dd8d7cbc4bc6a49ba9d26e2994c5bf) Importer(815301076,1909f56bfc062723c751e8b465ee728b)  -> (artifact id: '4c78d58c0baeb9d4c358eb45eb2b7013') in 0.035634 seconds 
========================================================================
Received Import Request.
  Time since last request: 222.083628 seconds.
  path: Assets/SampleScenes/Models/Materials
  artifactKey: Guid(e4654d5bc0eae0c47a59da0dff7a00dc) Importer(815301076,1909f56bfc062723c751e8b465ee728b)
Start importing Assets/SampleScenes/Models/Materials using Guid(e4654d5bc0eae0c47a59da0dff7a00dc) Importer(815301076,1909f56bfc062723c751e8b465ee728b)  -> (artifact id: '12a2f485b9c82e044da82545da185f60') in 0.013762 seconds 
========================================================================
Received Import Request.
  Time since last request: 0.073637 seconds.
  path: Assets/SampleScenes/Models/Materials/Asteroid.mat
  artifactKey: Guid(ace554b28b3c23448817bd8c63e751ff) Importer(815301076,1909f56bfc062723c751e8b465ee728b)
Start importing Assets/SampleScenes/Models/Materials/Asteroid.mat using Guid(ace554b28b3c23448817bd8c63e751ff) Importer(815301076,1909f56bfc062723c751e8b465ee728b)  -> (artifact id: '30b4eca360a319605e31052b5b73d1ab') in 0.019054 seconds 
========================================================================
Received Import Request.
  Time since last request: 0.000445 seconds.
  path: Assets/SampleScenes/Models/Materials/SpaceshipHull.mat
  artifactKey: Guid(35e2b94eb1006514abf8ae501b17f4d1) Importer(815301076,1909f56bfc062723c751e8b465ee728b)
Start importing Assets/SampleScenes/Models/Materials/SpaceshipHull.mat using Guid(35e2b94eb1006514abf8ae501b17f4d1) Importer(815301076,1909f56bfc062723c751e8b465ee728b)  -> (artifact id: 'fb63ef7da6e94efc9bf4563cdaf1fe94') in 0.027041 seconds 
========================================================================
Received Import Request.
  Time since last request: 0.000435 seconds.
  path: Assets/SampleScenes/Models/Materials/SpaceshipGlow.mat
  artifactKey: Guid(c45f0afbf9669834d9bac06fb9f06fb7) Importer(815301076,1909f56bfc062723c751e8b465ee728b)
Start importing Assets/SampleScenes/Models/Materials/SpaceshipGlow.mat using Guid(c45f0afbf9669834d9bac06fb9f06fb7) Importer(815301076,1909f56bfc062723c751e8b465ee728b)  -> (artifact id: '7c298b859ad686731733b1f61f303eef') in 0.025538 seconds 
========================================================================
Received Import Request.
  Time since last request: 17.603721 seconds.
  path: Assets/SampleScenes/Materials/MauveSmooth.mat
  artifactKey: Guid(d2985de4f27bfa340a12c3ef95d47167) Importer(815301076,1909f56bfc062723c751e8b465ee728b)
Start importing Assets/SampleScenes/Materials/MauveSmooth.mat using Guid(d2985de4f27bfa340a12c3ef95d47167) Importer(815301076,1909f56bfc062723c751e8b465ee728b)  -> (artifact id: '7497c8e205a9fbb9f4c2206d1d730fe6') in 0.029653 seconds 
========================================================================
Received Import Request.
  Time since last request: 0.000683 seconds.
  path: Assets/SampleScenes/Materials/TurquoiseSmooth.mat
  artifactKey: Guid(735665606fda0c14cb12bc536aa26dc7) Importer(815301076,1909f56bfc062723c751e8b465ee728b)
Start importing Assets/SampleScenes/Materials/TurquoiseSmooth.mat using Guid(735665606fda0c14cb12bc536aa26dc7) Importer(815301076,1909f56bfc062723c751e8b465ee728b)  -> (artifact id: 'e5639d072f744efb21201c7aa7afd7ac') in 0.042298 seconds 
========================================================================
Received Import Request.
  Time since last request: 0.000605 seconds.
  path: Assets/SampleScenes/Materials/NavyDarkGrid.mat
  artifactKey: Guid(01c04496878436140922b19f5220712b) Importer(815301076,1909f56bfc062723c751e8b465ee728b)
Start importing Assets/SampleScenes/Materials/NavyDarkGrid.mat using Guid(01c04496878436140922b19f5220712b) Importer(815301076,1909f56bfc062723c751e8b465ee728b)  -> (artifact id: 'a13026151a44c25818ee9db42fe317a2') in 0.042918 seconds 
========================================================================
Received Import Request.
  Time since last request: 0.000323 seconds.
  path: Assets/SampleScenes/Materials/NavyGrid.mat
  artifactKey: Guid(297e3a11e7d07fc48b4f71056b4f927f) Importer(815301076,1909f56bfc062723c751e8b465ee728b)
Start importing Assets/SampleScenes/Materials/NavyGrid.mat using Guid(297e3a11e7d07fc48b4f71056b4f927f) Importer(815301076,1909f56bfc062723c751e8b465ee728b)  -> (artifact id: '31a94e56a8c520e095ada4eacde4f84d') in 0.030296 seconds 
========================================================================
Received Import Request.
  Time since last request: 0.000280 seconds.
  path: Assets/SampleScenes/Materials/TealSmooth.mat
  artifactKey: Guid(ee9f7b84e86227a4fadc5e7f42e84b97) Importer(815301076,1909f56bfc062723c751e8b465ee728b)
Start importing Assets/SampleScenes/Materials/TealSmooth.mat using Guid(ee9f7b84e86227a4fadc5e7f42e84b97) Importer(815301076,1909f56bfc062723c751e8b465ee728b)  -> (artifact id: 'dffc876d7a4f269f95df386c312940f7') in 0.027650 seconds 
========================================================================
Received Import Request.
  Time since last request: 0.000260 seconds.
  path: Assets/SampleScenes/Materials/NavySmooth.mat
  artifactKey: Guid(bccdb449802ea144b8709da9bac60356) Importer(815301076,1909f56bfc062723c751e8b465ee728b)
Start importing Assets/SampleScenes/Materials/NavySmooth.mat using Guid(bccdb449802ea144b8709da9bac60356) Importer(815301076,1909f56bfc062723c751e8b465ee728b)  -> (artifact id: '35be73dac7abbe62cc7d00902b2e5b96') in 0.028840 seconds 
========================================================================
Received Import Request.
  Time since last request: 0.000274 seconds.
  path: Assets/SampleScenes/Materials/WhiteSmooth.mat
  artifactKey: Guid(616853845a4a54949ac851f2f807aa2a) Importer(815301076,1909f56bfc062723c751e8b465ee728b)
Start importing Assets/SampleScenes/Materials/WhiteSmooth.mat using Guid(616853845a4a54949ac851f2f807aa2a) Importer(815301076,1909f56bfc062723c751e8b465ee728b)  -> (artifact id: '3e4e231986075785ea0fb7e5eba1f96d') in 0.029234 seconds 
========================================================================
Received Import Request.
  Time since last request: 0.000366 seconds.
  path: Assets/SampleScenes/Materials/PinkUnlit.mat
  artifactKey: Guid(a8934a77ad83e0f4a9e9d40b3917880b) Importer(815301076,1909f56bfc062723c751e8b465ee728b)
Start importing Assets/SampleScenes/Materials/PinkUnlit.mat using Guid(a8934a77ad83e0f4a9e9d40b3917880b) Importer(815301076,1909f56bfc062723c751e8b465ee728b)  -> (artifact id: '5694ab2137121b72f966cea40bef888b') in 0.062880 seconds 
========================================================================
Received Import Request.
  Time since last request: 0.000308 seconds.
  path: Assets/SampleScenes/Materials/SkyboxProcedural.mat
  artifactKey: Guid(bf1bf92a3ce592e40b898be6c21cc2fa) Importer(815301076,1909f56bfc062723c751e8b465ee728b)
Start importing Assets/SampleScenes/Materials/SkyboxProcedural.mat using Guid(bf1bf92a3ce592e40b898be6c21cc2fa) Importer(815301076,1909f56bfc062723c751e8b465ee728b)  -> (artifact id: '42e5adb720fb696fed23639ac1c24172') in 0.024951 seconds 
========================================================================
Received Import Request.
  Time since last request: 0.000264 seconds.
  path: Assets/SampleScenes/Materials/YellowSmooth.mat
  artifactKey: Guid(61bcea22404bda2469670dd9255037db) Importer(815301076,1909f56bfc062723c751e8b465ee728b)
Start importing Assets/SampleScenes/Materials/YellowSmooth.mat using Guid(61bcea22404bda2469670dd9255037db) Importer(815301076,1909f56bfc062723c751e8b465ee728b)  -> (artifact id: 'f0986ead4a3f3fbc916380d1c7d79ba0') in 0.032280 seconds 
========================================================================
Received Import Request.
  Time since last request: 0.000345 seconds.
  path: Assets/SampleScenes/Materials/NavyDarkSmooth.mat
  artifactKey: Guid(338dbf9d35df70d428453cc78f8eaa18) Importer(815301076,1909f56bfc062723c751e8b465ee728b)
Start importing Assets/SampleScenes/Materials/NavyDarkSmooth.mat using Guid(338dbf9d35df70d428453cc78f8eaa18) Importer(815301076,1909f56bfc062723c751e8b465ee728b)  -> (artifact id: '7f1f4ce1c5a4298640a9effd0ec4fc9b') in 0.034209 seconds 
========================================================================
Received Import Request.
  Time since last request: 0.000405 seconds.
  path: Assets/SampleScenes/Materials/OrangeSmooth.mat
  artifactKey: Guid(a24037aa2dae5b145b048dcaf948032a) Importer(815301076,1909f56bfc062723c751e8b465ee728b)
Start importing Assets/SampleScenes/Materials/OrangeSmooth.mat using Guid(a24037aa2dae5b145b048dcaf948032a) Importer(815301076,1909f56bfc062723c751e8b465ee728b)  -> (artifact id: '3583ee6ef0b8a94dcf461743ef601948') in 0.025481 seconds 
========================================================================
Received Import Request.
  Time since last request: 0.000270 seconds.
  path: Assets/SampleScenes/Materials/ParticleClouds.mat
  artifactKey: Guid(efb74a60b37f60a41add571d33f34fff) Importer(815301076,1909f56bfc062723c751e8b465ee728b)
Start importing Assets/SampleScenes/Materials/ParticleClouds.mat using Guid(efb74a60b37f60a41add571d33f34fff) Importer(815301076,1909f56bfc062723c751e8b465ee728b)  -> (artifact id: 'f6ca786ddb172af0cc378dff42a66bdc') in 0.029765 seconds 
========================================================================
Received Import Request.
  Time since last request: 0.000263 seconds.
  path: Assets/SampleScenes/Materials/PinkSmooth.mat
  artifactKey: Guid(9335c65f42a781d4c881b93bec5412b9) Importer(815301076,1909f56bfc062723c751e8b465ee728b)
Start importing Assets/SampleScenes/Materials/PinkSmooth.mat using Guid(9335c65f42a781d4c881b93bec5412b9) Importer(815301076,1909f56bfc062723c751e8b465ee728b)  -> (artifact id: '267e55faab3df611d2dded29b18264a5') in 0.028047 seconds 
========================================================================
Received Import Request.
  Time since last request: 0.000298 seconds.
  path: Assets/SampleScenes/Materials/WhiteUnlit.mat
  artifactKey: Guid(432d27f28c1251041bd6d1753602d5f0) Importer(815301076,1909f56bfc062723c751e8b465ee728b)
Start importing Assets/SampleScenes/Materials/WhiteUnlit.mat using Guid(432d27f28c1251041bd6d1753602d5f0) Importer(815301076,1909f56bfc062723c751e8b465ee728b)  -> (artifact id: '9f07588b1a1e672139add24c7785f57f') in 0.031603 seconds 
========================================================================
Received Import Request.
  Time since last request: 2.271952 seconds.
  path: Assets/SampleScenes/AudioMixers/Car.mixer
  artifactKey: Guid(cc0bf72c5763743468b1ee3d764d3d04) Importer(815301076,1909f56bfc062723c751e8b465ee728b)
Start importing Assets/SampleScenes/AudioMixers/Car.mixer using Guid(cc0bf72c5763743468b1ee3d764d3d04) Importer(815301076,1909f56bfc062723c751e8b465ee728b)  -> (artifact id: '8fe3fc03b2161e8a096ea4d0ab6df79f') in 0.014110 seconds 
========================================================================
Received Import Request.
  Time since last request: 0.000351 seconds.
  path: Assets/SampleScenes/AudioMixers/PropellerPlane.mixer
  artifactKey: Guid(f166ed551f18240f99a161783914f623) Importer(815301076,1909f56bfc062723c751e8b465ee728b)
Start importing Assets/SampleScenes/AudioMixers/PropellerPlane.mixer using Guid(f166ed551f18240f99a161783914f623) Importer(815301076,1909f56bfc062723c751e8b465ee728b)  -> (artifact id: '41df8f27dd9df93453607c2ca34ec72d') in 0.015590 seconds 
========================================================================
Received Import Request.
  Time since last request: 0.000571 seconds.
  path: Assets/SampleScenes/AudioMixers/JetPlane.mixer
  artifactKey: Guid(e21d59315859b4f288500f0a7167ebe7) Importer(815301076,1909f56bfc062723c751e8b465ee728b)
Start importing Assets/SampleScenes/AudioMixers/JetPlane.mixer using Guid(e21d59315859b4f288500f0a7167ebe7) Importer(815301076,1909f56bfc062723c751e8b465ee728b)  -> (artifact id: '2e8e7a899972758a0fb0a34aeb84b287') in 0.017898 seconds 
========================================================================
Received Import Request.
  Time since last request: 5.724871 seconds.
  path: Assets/SampleScenes/Menu/Prefabs
  artifactKey: Guid(63cc7a46aa397bf48b62a806db93f4a7) Importer(815301076,1909f56bfc062723c751e8b465ee728b)
Start importing Assets/SampleScenes/Menu/Prefabs using Guid(63cc7a46aa397bf48b62a806db93f4a7) Importer(815301076,1909f56bfc062723c751e8b465ee728b)  -> (artifact id: '116be9181c6b336e184da036b51a6503') in 0.013603 seconds 
========================================================================
Received Import Request.
  Time since last request: 7.382494 seconds.
  path: Assets/SampleScenes/Navmesh/CarAI.asset
  artifactKey: Guid(552927ccf2fdad3428e89e5104d91912) Importer(815301076,1909f56bfc062723c751e8b465ee728b)
Start importing Assets/SampleScenes/Navmesh/CarAI.asset using Guid(552927ccf2fdad3428e89e5104d91912) Importer(815301076,1909f56bfc062723c751e8b465ee728b)  -> (artifact id: '5961c73bea69b38ee52b36028d9dead3') in 0.013969 seconds 
========================================================================
Received Import Request.
  Time since last request: 0.725993 seconds.
  path: Assets/SampleScenes/Prefabs/Box.prefab
  artifactKey: Guid(d29ba28bd5caaed429838de8bac7be72) Importer(815301076,1909f56bfc062723c751e8b465ee728b)
Start importing Assets/SampleScenes/Prefabs/Box.prefab using Guid(d29ba28bd5caaed429838de8bac7be72) Importer(815301076,1909f56bfc062723c751e8b465ee728b)  -> (artifact id: 'ff70922c053629f861fbc126ebcf5927') in 0.022961 seconds 
========================================================================
Received Import Request.
  Time since last request: 0.000341 seconds.
  path: Assets/SampleScenes/Prefabs/GoalPosts.prefab
  artifactKey: Guid(6df3f650b33fa604cb3f5923fa50d053) Importer(815301076,1909f56bfc062723c751e8b465ee728b)
Start importing Assets/SampleScenes/Prefabs/GoalPosts.prefab using Guid(6df3f650b33fa604cb3f5923fa50d053) Importer(815301076,1909f56bfc062723c751e8b465ee728b)  -> (artifact id: 'cd30e9aed4e148281db4b340a19e7b6d') in 0.028797 seconds 
========================================================================
Received Import Request.
  Time since last request: 0.000424 seconds.
  path: Assets/SampleScenes/Prefabs/Wall.prefab
  artifactKey: Guid(fef5fcb209dce49409117a24775dfcb3) Importer(815301076,1909f56bfc062723c751e8b465ee728b)
Start importing Assets/SampleScenes/Prefabs/Wall.prefab using Guid(fef5fcb209dce49409117a24775dfcb3) Importer(815301076,1909f56bfc062723c751e8b465ee728b)  -> (artifact id: '6ce24f8c6fe382eca890bf4e9b024956') in 0.038678 seconds 
========================================================================
Received Import Request.
  Time since last request: 0.000295 seconds.
  path: Assets/SampleScenes/Prefabs/GroundTrack.prefab
  artifactKey: Guid(f7afdcb1eabdee54790f55f84e3e4ac8) Importer(815301076,1909f56bfc062723c751e8b465ee728b)
Start importing Assets/SampleScenes/Prefabs/GroundTrack.prefab using Guid(f7afdcb1eabdee54790f55f84e3e4ac8) Importer(815301076,1909f56bfc062723c751e8b465ee728b)  -> (artifact id: '815e87de6f95a53090480fa3aeb44a2b') in 0.031961 seconds 
========================================================================
Received Import Request.
  Time since last request: 0.000393 seconds.
  path: Assets/SampleScenes/Prefabs/Loop.prefab
  artifactKey: Guid(a2dd655bfef0f0849a2c33d8fb4a029c) Importer(815301076,1909f56bfc062723c751e8b465ee728b)
Start importing Assets/SampleScenes/Prefabs/Loop.prefab using Guid(a2dd655bfef0f0849a2c33d8fb4a029c) Importer(815301076,1909f56bfc062723c751e8b465ee728b)  -> (artifact id: 'd99fac88c8c106449c2ae0c7e06f5fea') in 0.028223 seconds 
========================================================================
Received Import Request.
  Time since last request: 0.000271 seconds.
  path: Assets/SampleScenes/Prefabs/Pillar.prefab
  artifactKey: Guid(d23a205aa0ed1234ba0a327f1232ff7e) Importer(815301076,1909f56bfc062723c751e8b465ee728b)
Start importing Assets/SampleScenes/Prefabs/Pillar.prefab using Guid(d23a205aa0ed1234ba0a327f1232ff7e) Importer(815301076,1909f56bfc062723c751e8b465ee728b)  -> (artifact id: '56c0393ce48989f5147981e948032ac6') in 0.024742 seconds 
========================================================================
Received Import Request.
  Time since last request: 0.000430 seconds.
  path: Assets/SampleScenes/Prefabs/SmashBoxes.prefab
  artifactKey: Guid(b592d2faa93e6ad46a6d520adf8f123e) Importer(815301076,1909f56bfc062723c751e8b465ee728b)
Start importing Assets/SampleScenes/Prefabs/SmashBoxes.prefab using Guid(b592d2faa93e6ad46a6d520adf8f123e) Importer(815301076,1909f56bfc062723c751e8b465ee728b)  -> (artifact id: 'afc05ece223ad67969caf4b3c6808bf7') in 0.033122 seconds 
========================================================================
Received Import Request.
  Time since last request: 0.000322 seconds.
  path: Assets/SampleScenes/Prefabs/CameraSwitchUI.prefab
  artifactKey: Guid(b3495d363d7ccba40bc3e92c1a184e28) Importer(815301076,1909f56bfc062723c751e8b465ee728b)
Start importing Assets/SampleScenes/Prefabs/CameraSwitchUI.prefab using Guid(b3495d363d7ccba40bc3e92c1a184e28) Importer(815301076,1909f56bfc062723c751e8b465ee728b)  -> (artifact id: '1b1d668943ef1b5092653542d18ddaa5') in 0.021587 seconds 
========================================================================
Received Import Request.
  Time since last request: 0.000506 seconds.
  path: Assets/SampleScenes/Prefabs/ResetterUI.prefab
  artifactKey: Guid(28e490010bed5ea47a8a69e81bdd0c1c) Importer(815301076,1909f56bfc062723c751e8b465ee728b)
Start importing Assets/SampleScenes/Prefabs/ResetterUI.prefab using Guid(28e490010bed5ea47a8a69e81bdd0c1c) Importer(815301076,1909f56bfc062723c751e8b465ee728b)  -> (artifact id: '25b8692056a4ded43105ccf72ecefee3') in 0.020995 seconds 
========================================================================
Received Import Request.
  Time since last request: 0.000318 seconds.
  path: Assets/SampleScenes/Prefabs/MobileShaderReplacements.prefab
  artifactKey: Guid(76d89ae3180ce424ba0da8fc43e02035) Importer(815301076,1909f56bfc062723c751e8b465ee728b)
Start importing Assets/SampleScenes/Prefabs/MobileShaderReplacements.prefab using Guid(76d89ae3180ce424ba0da8fc43e02035) Importer(815301076,1909f56bfc062723c751e8b465ee728b)  -> (artifact id: '13b23da083d6be8ccff34b41d2e9acf7') in 0.019259 seconds 
========================================================================
Received Import Request.
  Time since last request: 0.000312 seconds.
  path: Assets/SampleScenes/Prefabs/House.prefab
  artifactKey: Guid(cd3018213230a5c49a0e0f4609a10b9d) Importer(815301076,1909f56bfc062723c751e8b465ee728b)
Start importing Assets/SampleScenes/Prefabs/House.prefab using Guid(cd3018213230a5c49a0e0f4609a10b9d) Importer(815301076,1909f56bfc062723c751e8b465ee728b)  -> (artifact id: 'da160bbf0e468abc083cd4297bd5b053') in 0.027243 seconds 
========================================================================
Received Import Request.
  Time since last request: 0.000329 seconds.
  path: Assets/SampleScenes/Prefabs/LevelResetUI.prefab
  artifactKey: Guid(d2aaa8a2832d77144aa84d5d309ae2b3) Importer(815301076,1909f56bfc062723c751e8b465ee728b)
Start importing Assets/SampleScenes/Prefabs/LevelResetUI.prefab using Guid(d2aaa8a2832d77144aa84d5d309ae2b3) Importer(815301076,1909f56bfc062723c751e8b465ee728b)  -> (artifact id: 'b465f62aa1becd9d63721a3f2ae0dfac') in 0.021407 seconds 
========================================================================
Received Import Request.
  Time since last request: 0.000338 seconds.
  path: Assets/SampleScenes/Prefabs/Ring.prefab
  artifactKey: Guid(e9aa4b7def958e54bad9089e96b5a063) Importer(815301076,1909f56bfc062723c751e8b465ee728b)
Start importing Assets/SampleScenes/Prefabs/Ring.prefab using Guid(e9aa4b7def958e54bad9089e96b5a063) Importer(815301076,1909f56bfc062723c751e8b465ee728b)  -> (artifact id: '89220675d514d71cb55b984d017d9255') in 0.027423 seconds 
========================================================================
Received Import Request.
  Time since last request: 0.000442 seconds.
  path: Assets/SampleScenes/Prefabs/GroundArena.prefab
  artifactKey: Guid(2799e6cfaf283a84e883ca79ffce608e) Importer(815301076,1909f56bfc062723c751e8b465ee728b)
Start importing Assets/SampleScenes/Prefabs/GroundArena.prefab using Guid(2799e6cfaf283a84e883ca79ffce608e) Importer(815301076,1909f56bfc062723c751e8b465ee728b)  -> (artifact id: '00e27b5556f9babc1492eb231285a0d8') in 0.040991 seconds 
========================================================================
Received Import Request.
  Time since last request: 0.000301 seconds.
  path: Assets/SampleScenes/Prefabs/BoxSmall.prefab
  artifactKey: Guid(75c27bf47f501a74fa5723911612c226) Importer(815301076,1909f56bfc062723c751e8b465ee728b)
Start importing Assets/SampleScenes/Prefabs/BoxSmall.prefab using Guid(75c27bf47f501a74fa5723911612c226) Importer(815301076,1909f56bfc062723c751e8b465ee728b)  -> (artifact id: 'bf2e186042fcfaa4a09b39c6d57b9917') in 0.032221 seconds 
========================================================================
Received Import Request.
  Time since last request: 0.000254 seconds.
  path: Assets/SampleScenes/Prefabs/BoxPile.prefab
  artifactKey: Guid(ff3366103894bec429eeaa9b86b595e6) Importer(815301076,1909f56bfc062723c751e8b465ee728b)
Start importing Assets/SampleScenes/Prefabs/BoxPile.prefab using Guid(ff3366103894bec429eeaa9b86b595e6) Importer(815301076,1909f56bfc062723c751e8b465ee728b)  -> (artifact id: '9574aa22083193f7c3e162f8c398bf81') in 0.028905 seconds 
========================================================================
Received Import Request.
  Time since last request: 0.000240 seconds.
  path: Assets/SampleScenes/Prefabs/GroundObstacles.prefab
  artifactKey: Guid(95bbe2885334e3c46b79c3419edb469c) Importer(815301076,1909f56bfc062723c751e8b465ee728b)
Start importing Assets/SampleScenes/Prefabs/GroundObstacles.prefab using Guid(95bbe2885334e3c46b79c3419edb469c) Importer(815301076,1909f56bfc062723c751e8b465ee728b)  -> (artifact id: '01bcec5643303b5d01eb224a23422b04') in 0.034151 seconds 
========================================================================
Received Import Request.
  Time since last request: 0.000313 seconds.
  path: Assets/SampleScenes/Prefabs/CameraSwitch.prefab
  artifactKey: Guid(fdc378243b95c2144aa66bfc382d1b75) Importer(815301076,1909f56bfc062723c751e8b465ee728b)
Start importing Assets/SampleScenes/Prefabs/CameraSwitch.prefab using Guid(fdc378243b95c2144aa66bfc382d1b75) Importer(815301076,1909f56bfc062723c751e8b465ee728b)  -> (artifact id: '08b71b1d30af31aed5878aaf4cd387fe') in 0.023160 seconds 
========================================================================
Received Import Request.
  Time since last request: 0.000372 seconds.
  path: Assets/SampleScenes/Prefabs/GroundRunway.prefab
  artifactKey: Guid(00690c0e075198740bd736a4731c7a90) Importer(815301076,1909f56bfc062723c751e8b465ee728b)
Start importing Assets/SampleScenes/Prefabs/GroundRunway.prefab using Guid(00690c0e075198740bd736a4731c7a90) Importer(815301076,1909f56bfc062723c751e8b465ee728b)  -> (artifact id: 'ec1d5d85398ac8028094146573920a2e') in 0.031391 seconds 
========================================================================
Received Import Request.
  Time since last request: 0.000266 seconds.
  path: Assets/SampleScenes/Prefabs/Pickup.prefab
  artifactKey: Guid(2ed830309d1c9f640a65bf22d9060af1) Importer(815301076,1909f56bfc062723c751e8b465ee728b)
Start importing Assets/SampleScenes/Prefabs/Pickup.prefab using Guid(2ed830309d1c9f640a65bf22d9060af1) Importer(815301076,1909f56bfc062723c751e8b465ee728b)  -> (artifact id: 'c6ac97a52287f19d75c7bb382f690bc7') in 0.026077 seconds 
========================================================================
Received Import Request.
  Time since last request: 0.000458 seconds.
  path: Assets/SampleScenes/Prefabs/Sea.prefab
  artifactKey: Guid(92718a1040bbb9a4ab571265d9087f2b) Importer(815301076,1909f56bfc062723c751e8b465ee728b)
Start importing Assets/SampleScenes/Prefabs/Sea.prefab using Guid(92718a1040bbb9a4ab571265d9087f2b) Importer(815301076,1909f56bfc062723c751e8b465ee728b)  -> (artifact id: '29a1811e26a792be95964a1c5655bdbb') in 0.016171 seconds 
========================================================================
Received Import Request.
  Time since last request: 112.519205 seconds.
  path: Assets/SampleScenes/Scenes/2dCharacter.unity
  artifactKey: Guid(e64703861e6c7d748bab0c2dee48b08d) Importer(815301076,1909f56bfc062723c751e8b465ee728b)
Start importing Assets/SampleScenes/Scenes/2dCharacter.unity using Guid(e64703861e6c7d748bab0c2dee48b08d) Importer(815301076,1909f56bfc062723c751e8b465ee728b)  -> (artifact id: 'd7670b09dee083d1e9c342302b0cc87d') in 0.013097 seconds 
========================================================================
Received Import Request.
  Time since last request: 6.521724 seconds.
  path: Assets/SampleScenes/Scenes/CharacterThirdPersonAI/NavMesh.asset
  artifactKey: Guid(16a894ad965db4c4b87f2774a6863f12) Importer(815301076,1909f56bfc062723c751e8b465ee728b)
Start importing Assets/SampleScenes/Scenes/CharacterThirdPersonAI/NavMesh.asset using Guid(16a894ad965db4c4b87f2774a6863f12) Importer(815301076,1909f56bfc062723c751e8b465ee728b)  -> (artifact id: '20ea1f259fd44267540d102f45795e36') in 0.014765 seconds 
========================================================================
Received Import Request.
  Time since last request: 2.300576 seconds.
  path: Assets/SampleScenes/Scenes/AircraftJetAI.unity
  artifactKey: Guid(363861c29c39f0e4bb36d75975950302) Importer(815301076,1909f56bfc062723c751e8b465ee728b)
Start importing Assets/SampleScenes/Scenes/AircraftJetAI.unity using Guid(363861c29c39f0e4bb36d75975950302) Importer(815301076,1909f56bfc062723c751e8b465ee728b)  -> (artifact id: 'eb667ddfc651278dc5c163ac285038b0') in 0.014033 seconds 
========================================================================
Received Import Request.
  Time since last request: 3.250635 seconds.
  path: Assets/SampleScenes/Scenes/AircraftPropellerAI.unity
  artifactKey: Guid(e1ee66940de9023479566432a1a00132) Importer(815301076,1909f56bfc062723c751e8b465ee728b)
Start importing Assets/SampleScenes/Scenes/AircraftPropellerAI.unity using Guid(e1ee66940de9023479566432a1a00132) Importer(815301076,1909f56bfc062723c751e8b465ee728b)  -> (artifact id: '91e32996437f68eb5e9a49c14ea30b43') in 0.014361 seconds 
========================================================================
Received Import Request.
  Time since last request: 11.777719 seconds.
  path: Assets/SampleScenes/Scenes/Particles.unity
  artifactKey: Guid(9148cc7972b0bc848b21aef88468f740) Importer(815301076,1909f56bfc062723c751e8b465ee728b)
Start importing Assets/SampleScenes/Scenes/Particles.unity using Guid(9148cc7972b0bc848b21aef88468f740) Importer(815301076,1909f56bfc062723c751e8b465ee728b)  -> (artifact id: 'b55e6f8887541e4ac401a728b3917fb1') in 0.012026 seconds 
========================================================================
Received Import Request.
  Time since last request: 0.574112 seconds.
  path: Assets/SampleScenes/Scenes/CharacterThirdPersonAI.unity
  artifactKey: Guid(17382a6997de5bf4a9ca6c4830613498) Importer(815301076,1909f56bfc062723c751e8b465ee728b)
Start importing Assets/SampleScenes/Scenes/CharacterThirdPersonAI.unity using Guid(17382a6997de5bf4a9ca6c4830613498) Importer(815301076,1909f56bfc062723c751e8b465ee728b)  -> (artifact id: '5bdcd9db1ac903461d78d5b14b1bc50a') in 0.011978 seconds 
========================================================================
Received Import Request.
  Time since last request: 2.529053 seconds.
  path: Assets/SampleScenes/Scenes/CharacterFirstPerson.unity
  artifactKey: Guid(f2f18f678332b48458bb0e9c5ab081bf) Importer(815301076,1909f56bfc062723c751e8b465ee728b)
Start importing Assets/SampleScenes/Scenes/CharacterFirstPerson.unity using Guid(f2f18f678332b48458bb0e9c5ab081bf) Importer(815301076,1909f56bfc062723c751e8b465ee728b)  -> (artifact id: 'ea4e8719c9e1e25c2f361b04d921a282') in 0.012391 seconds 
========================================================================
Received Import Request.
  Time since last request: 0.664112 seconds.
  path: Assets/SampleScenes/Scenes/CarAIWaypointBased.unity
  artifactKey: Guid(81ce53b350e0a3247ae838c0d57967ab) Importer(815301076,1909f56bfc062723c751e8b465ee728b)
Start importing Assets/SampleScenes/Scenes/CarAIWaypointBased.unity using Guid(81ce53b350e0a3247ae838c0d57967ab) Importer(815301076,1909f56bfc062723c751e8b465ee728b)  -> (artifact id: 'a958a00537260bed172247b70b3fcdb8') in 0.011666 seconds 
========================================================================
Received Import Request.
  Time since last request: 3.818225 seconds.
  path: Assets/SampleScenes/Textures/ChevronAlbedo.png
  artifactKey: Guid(a354bcb686ec6544bb340270e70b8f91) Importer(815301076,1909f56bfc062723c751e8b465ee728b)
Start importing Assets/SampleScenes/Textures/ChevronAlbedo.png using Guid(a354bcb686ec6544bb340270e70b8f91) Importer(815301076,1909f56bfc062723c751e8b465ee728b)  -> (artifact id: 'f774d8592bc45785209de7b4ece92d1d') in 0.025746 seconds 
========================================================================
Received Import Request.
  Time since last request: 0.000355 seconds.
  path: Assets/SampleScenes/Textures/GUIButtonEmpty.png
  artifactKey: Guid(c65405de1316e7f47b4884a5143589cc) Importer(815301076,1909f56bfc062723c751e8b465ee728b)
Start importing Assets/SampleScenes/Textures/GUIButtonEmpty.png using Guid(c65405de1316e7f47b4884a5143589cc) Importer(815301076,1909f56bfc062723c751e8b465ee728b)  -> (artifact id: 'a011412d7095e84aa82ec6f6e2799f30') in 0.027136 seconds 
========================================================================
Received Import Request.
  Time since last request: 0.000399 seconds.
  path: Assets/SampleScenes/Textures/GUICameraCycle.png
  artifactKey: Guid(266f4b0c2c7c161438daa4b595a09a33) Importer(815301076,1909f56bfc062723c751e8b465ee728b)
Start importing Assets/SampleScenes/Textures/GUICameraCycle.png using Guid(266f4b0c2c7c161438daa4b595a09a33) Importer(815301076,1909f56bfc062723c751e8b465ee728b)  -> (artifact id: 'e0f42c2c99c4da7519046a33b4ad2e18') in 0.025542 seconds 
========================================================================
Received Import Request.
  Time since last request: 0.000263 seconds.
  path: Assets/SampleScenes/Textures/SwatchOrangeAlbedo.png
  artifactKey: Guid(1b0dbc8d052d0ee45a5fa08650d0bf16) Importer(815301076,1909f56bfc062723c751e8b465ee728b)
Start importing Assets/SampleScenes/Textures/SwatchOrangeAlbedo.png using Guid(1b0dbc8d052d0ee45a5fa08650d0bf16) Importer(815301076,1909f56bfc062723c751e8b465ee728b)  -> (artifact id: 'df77ef3ded10137eebeeace530a0cd4d') in 0.025930 seconds 
========================================================================
Received Import Request.
  Time since last request: 0.000287 seconds.
  path: Assets/SampleScenes/Textures/SwatchNavyAlbedo.png
  artifactKey: Guid(ee5f9bf88befa4e4eb6ac1d74dae4051) Importer(815301076,1909f56bfc062723c751e8b465ee728b)
Start importing Assets/SampleScenes/Textures/SwatchNavyAlbedo.png using Guid(ee5f9bf88befa4e4eb6ac1d74dae4051) Importer(815301076,1909f56bfc062723c751e8b465ee728b)  -> (artifact id: '6daeed3f4fd6099a31ddd4f482cfbb37') in 0.028034 seconds 
========================================================================
Received Import Request.
  Time since last request: 0.000257 seconds.
  path: Assets/SampleScenes/Textures/GUICameraCycleDown.png
  artifactKey: Guid(3883c76aaf90a674ca944059b2b72175) Importer(815301076,1909f56bfc062723c751e8b465ee728b)
Start importing Assets/SampleScenes/Textures/GUICameraCycleDown.png using Guid(3883c76aaf90a674ca944059b2b72175) Importer(815301076,1909f56bfc062723c751e8b465ee728b)  -> (artifact id: '9f38b1cd0986d1ce1a8b56708e17dcee') in 0.030779 seconds 
========================================================================
Received Import Request.
  Time since last request: 0.000286 seconds.
  path: Assets/SampleScenes/Textures/GUIButtonSwitchRight.png
  artifactKey: Guid(18ae03f5df3df2e47815aff6f3c6e50c) Importer(815301076,1909f56bfc062723c751e8b465ee728b)
Start importing Assets/SampleScenes/Textures/GUIButtonSwitchRight.png using Guid(18ae03f5df3df2e47815aff6f3c6e50c) Importer(815301076,1909f56bfc062723c751e8b465ee728b)  -> (artifact id: 'c243c89b5b44a416c37287890e8e45a5') in 0.029462 seconds 
========================================================================
Received Import Request.
  Time since last request: 0.000298 seconds.
  path: Assets/SampleScenes/Textures/FlyerPlayershipEmission.tif
  artifactKey: Guid(eb5828203f3400a4b96753d2bf40c876) Importer(815301076,1909f56bfc062723c751e8b465ee728b)
Start importing Assets/SampleScenes/Textures/FlyerPlayershipEmission.tif using Guid(eb5828203f3400a4b96753d2bf40c876) Importer(815301076,1909f56bfc062723c751e8b465ee728b)  -> (artifact id: 'b16d04ab36ef455fa1b485063cf30698') in 0.041085 seconds 
========================================================================
Received Import Request.
  Time since last request: 0.000358 seconds.
  path: Assets/SampleScenes/Textures/GUIReticle.png
  artifactKey: Guid(c03c72978d15ecb4d91060d3a10d14f0) Importer(815301076,1909f56bfc062723c751e8b465ee728b)
Start importing Assets/SampleScenes/Textures/GUIReticle.png using Guid(c03c72978d15ecb4d91060d3a10d14f0) Importer(815301076,1909f56bfc062723c751e8b465ee728b)  -> (artifact id: 'a6455e9e876f9a6753fc29508f46787a') in 0.031485 seconds 
========================================================================
Received Import Request.
  Time since last request: 0.000275 seconds.
  path: Assets/SampleScenes/Textures/FlyerPlayershipOcclusion.tif
  artifactKey: Guid(2cf28051c91a64947a27d86020bf21b9) Importer(815301076,1909f56bfc062723c751e8b465ee728b)
Start importing Assets/SampleScenes/Textures/FlyerPlayershipOcclusion.tif using Guid(2cf28051c91a64947a27d86020bf21b9) Importer(815301076,1909f56bfc062723c751e8b465ee728b)  -> (artifact id: '5b66763dd8acfad5f2483a3369c07511') in 0.028557 seconds 
========================================================================
Received Import Request.
  Time since last request: 0.000325 seconds.
  path: Assets/SampleScenes/Textures/GUIButtonReset.png
  artifactKey: Guid(656566cd3f0724ab1b3f90a4407b381f) Importer(815301076,1909f56bfc062723c751e8b465ee728b)
Start importing Assets/SampleScenes/Textures/GUIButtonReset.png using Guid(656566cd3f0724ab1b3f90a4407b381f) Importer(815301076,1909f56bfc062723c751e8b465ee728b)  -> (artifact id: '818bde2b827626c1876225d23b9c79c1') in 0.035651 seconds 
========================================================================
Received Import Request.
  Time since last request: 0.000294 seconds.
  path: Assets/SampleScenes/Textures/GUIButtonSwitchLeft.png
  artifactKey: Guid(9f5ab9ae73e0b44818b90bdd62dbf028) Importer(815301076,1909f56bfc062723c751e8b465ee728b)
Start importing Assets/SampleScenes/Textures/GUIButtonSwitchLeft.png using Guid(9f5ab9ae73e0b44818b90bdd62dbf028) Importer(815301076,1909f56bfc062723c751e8b465ee728b)  -> (artifact id: 'd8c8be98b2c86bb1d5a9a6de4d7b6720') in 0.027049 seconds 
========================================================================
Received Import Request.
  Time since last request: 0.000337 seconds.
  path: Assets/SampleScenes/Textures/SwatchTurquoiseAlbedo.png
  artifactKey: Guid(aeef8d0d4008dcd4eb547dcb8b92a9c8) Importer(815301076,1909f56bfc062723c751e8b465ee728b)
Start importing Assets/SampleScenes/Textures/SwatchTurquoiseAlbedo.png using Guid(aeef8d0d4008dcd4eb547dcb8b92a9c8) Importer(815301076,1909f56bfc062723c751e8b465ee728b)  -> (artifact id: '8c0d4e89f839857643c3a1caa0078120') in 0.027660 seconds 
========================================================================
Received Import Request.
  Time since last request: 0.000334 seconds.
  path: Assets/SampleScenes/Textures/SwatchTealAlbedo.png
  artifactKey: Guid(55aa8af457d5bdb419c375b143edb6a5) Importer(815301076,1909f56bfc062723c751e8b465ee728b)
Start importing Assets/SampleScenes/Textures/SwatchTealAlbedo.png using Guid(55aa8af457d5bdb419c375b143edb6a5) Importer(815301076,1909f56bfc062723c751e8b465ee728b)  -> (artifact id: '6cacb36f45c2e0039bb4423940dde44f') in 0.027681 seconds 
========================================================================
Received Import Request.
  Time since last request: 0.000316 seconds.
  path: Assets/SampleScenes/Textures/SwatchMauveAlbedo.png
  artifactKey: Guid(27c9d88e434ddf14aab2263729d96588) Importer(815301076,1909f56bfc062723c751e8b465ee728b)
Start importing Assets/SampleScenes/Textures/SwatchMauveAlbedo.png using Guid(27c9d88e434ddf14aab2263729d96588) Importer(815301076,1909f56bfc062723c751e8b465ee728b)  -> (artifact id: 'bec73c7fa8dd3340f65b3f7d0b98a19a') in 0.024545 seconds 
========================================================================
Received Import Request.
  Time since last request: 0.000275 seconds.
  path: Assets/SampleScenes/Textures/SwatchPinkAlbedo.png
  artifactKey: Guid(e573d986e51134d48b79cf2761ab65b4) Importer(815301076,1909f56bfc062723c751e8b465ee728b)
Start importing Assets/SampleScenes/Textures/SwatchPinkAlbedo.png using Guid(e573d986e51134d48b79cf2761ab65b4) Importer(815301076,1909f56bfc062723c751e8b465ee728b)  -> (artifact id: '12f37316e083e5cb44beb2f7534f1438') in 0.021464 seconds 
========================================================================
Received Import Request.
  Time since last request: 0.000502 seconds.
  path: Assets/SampleScenes/Textures/GUIButtonRun.png
  artifactKey: Guid(d475714451e40d84286be5d2dfabff88) Importer(815301076,1909f56bfc062723c751e8b465ee728b)
Start importing Assets/SampleScenes/Textures/GUIButtonRun.png using Guid(d475714451e40d84286be5d2dfabff88) Importer(815301076,1909f56bfc062723c751e8b465ee728b)  -> (artifact id: '22cb8cef92611f907680cc0480a2121e') in 0.024841 seconds 
========================================================================
Received Import Request.
  Time since last request: 0.000271 seconds.
  path: Assets/SampleScenes/Textures/GUITimescaleFull.png
  artifactKey: Guid(4276d5f756bb64e7dbe3d20577592f33) Importer(815301076,1909f56bfc062723c751e8b465ee728b)
Start importing Assets/SampleScenes/Textures/GUITimescaleFull.png using Guid(4276d5f756bb64e7dbe3d20577592f33) Importer(815301076,1909f56bfc062723c751e8b465ee728b)  -> (artifact id: '62adc926bd3e19a31f0117e1a7ef2fd9') in 0.032033 seconds 
========================================================================
Received Import Request.
  Time since last request: 0.000278 seconds.
  path: Assets/SampleScenes/Textures/SwatchNavyDarkAlbedo.png
  artifactKey: Guid(b64756a3fbf7f7e42b02aa3aa8669374) Importer(815301076,1909f56bfc062723c751e8b465ee728b)
Start importing Assets/SampleScenes/Textures/SwatchNavyDarkAlbedo.png using Guid(b64756a3fbf7f7e42b02aa3aa8669374) Importer(815301076,1909f56bfc062723c751e8b465ee728b)  -> (artifact id: '8b0d414c13127158daaa4a7aae5f319a') in 0.025963 seconds 
========================================================================
Received Import Request.
  Time since last request: 0.000341 seconds.
  path: Assets/SampleScenes/Textures/SwatchWhiteAlbedo.png
  artifactKey: Guid(c798603beb3c1fc4a96620cf6b35cc32) Importer(815301076,1909f56bfc062723c751e8b465ee728b)
Start importing Assets/SampleScenes/Textures/SwatchWhiteAlbedo.png using Guid(c798603beb3c1fc4a96620cf6b35cc32) Importer(815301076,1909f56bfc062723c751e8b465ee728b)  -> (artifact id: '6a4ea9c521897b26c9180c3d02d84329') in 0.024410 seconds 
========================================================================
Received Import Request.
  Time since last request: 0.000267 seconds.
  path: Assets/SampleScenes/Textures/GridEmissive.png
  artifactKey: Guid(f12438971f1ef65478bf3b3f12e0aab4) Importer(815301076,1909f56bfc062723c751e8b465ee728b)
Start importing Assets/SampleScenes/Textures/GridEmissive.png using Guid(f12438971f1ef65478bf3b3f12e0aab4) Importer(815301076,1909f56bfc062723c751e8b465ee728b)  -> (artifact id: 'a1398f573a2effb3f0a05c319929ecba') in 0.028711 seconds 
========================================================================
Received Import Request.
  Time since last request: 0.000329 seconds.
  path: Assets/SampleScenes/Textures/SwatchYellowAlbedo.png
  artifactKey: Guid(82e9fd4029ec6cc40b9301835032532f) Importer(815301076,1909f56bfc062723c751e8b465ee728b)
Start importing Assets/SampleScenes/Textures/SwatchYellowAlbedo.png using Guid(82e9fd4029ec6cc40b9301835032532f) Importer(815301076,1909f56bfc062723c751e8b465ee728b)  -> (artifact id: '9feb61ac9055887d9226335717d38e69') in 0.025010 seconds 
========================================================================
Received Import Request.
  Time since last request: 0.000258 seconds.
  path: Assets/SampleScenes/Textures/FlyerAsteroidEmissive.tif
  artifactKey: Guid(a9a5231a693155f4f8ba0baa0e33af35) Importer(815301076,1909f56bfc062723c751e8b465ee728b)
Start importing Assets/SampleScenes/Textures/FlyerAsteroidEmissive.tif using Guid(a9a5231a693155f4f8ba0baa0e33af35) Importer(815301076,1909f56bfc062723c751e8b465ee728b)  -> (artifact id: '6eb1bf31cf2f42d46aa92425faaed1c8') in 0.029608 seconds 
========================================================================
Received Import Request.
  Time since last request: 0.000297 seconds.
  path: Assets/SampleScenes/Textures/FlyerPlayershipAlbedo.tif
  artifactKey: Guid(512e488bce130734aae5f494c86272be) Importer(815301076,1909f56bfc062723c751e8b465ee728b)
Start importing Assets/SampleScenes/Textures/FlyerPlayershipAlbedo.tif using Guid(512e488bce130734aae5f494c86272be) Importer(815301076,1909f56bfc062723c751e8b465ee728b)  -> (artifact id: 'aa5a5fea335c52ed0c97aae94ffb5208') in 0.021836 seconds 
========================================================================
Received Import Request.
  Time since last request: 0.000267 seconds.
  path: Assets/SampleScenes/Textures/GUITimescaleSlow.png
  artifactKey: Guid(7be95422710fa4b018659390b6108d74) Importer(815301076,1909f56bfc062723c751e8b465ee728b)
Start importing Assets/SampleScenes/Textures/GUITimescaleSlow.png using Guid(7be95422710fa4b018659390b6108d74) Importer(815301076,1909f56bfc062723c751e8b465ee728b)  -> (artifact id: 'd4b03c8af2fc1d4f53f5c960562a3dee') in 0.024179 seconds 
========================================================================
Received Import Request.
  Time since last request: 237.922015 seconds.
  path: Assets/Weapons_ChamferZone/Grenade/WPN_MK2Grenade.FBX
  artifactKey: Guid(bc47d6d03a2cd0b4ab4297dfd2edfe5f) Importer(815301076,1909f56bfc062723c751e8b465ee728b)
Start importing Assets/Weapons_ChamferZone/Grenade/WPN_MK2Grenade.FBX using Guid(bc47d6d03a2cd0b4ab4297dfd2edfe5f) Importer(815301076,1909f56bfc062723c751e8b465ee728b)  -> (artifact id: '5c9b81cdbe6d37421fb7a6c2e92d4d06') in 0.073817 seconds 
========================================================================
Received Prepare
Registering precompiled user dll's ...
Registered in 0.008491 seconds.
Begin MonoManager ReloadAssembly
Symbol file LoadedFromMemory doesn't match image C:\Users\jo12t\Documents\GitHub\FPS-game\New Unity Project\Library\PackageCache\com.unity.visualscripting@1.6.1\Editor\VisualScripting.Core\Dependencies\YamlDotNet\Unity.VisualScripting.YamlDotNet.dll
Symbol file LoadedFromMemory doesn't match image C:\Users\jo12t\Documents\GitHub\FPS-game\New Unity Project\Library\PackageCache\com.unity.visualscripting@1.6.1\Editor\VisualScripting.Core\Dependencies\DotNetZip\Unity.VisualScripting.IonicZip.dll
Native extension for WindowsStandalone target not found
Refreshing native plugins compatible for Editor in 0.78 ms, found 3 plugins.
Preloading 0 native plugins for Editor in 0.00 ms.
Mono: successfully reloaded assembly
- Completed reload, in  2.357 seconds
Domain Reload Profiling:
	ReloadAssembly (2358ms)
		BeginReloadAssembly (193ms)
			ExecutionOrderSort (0ms)
			DisableScriptedObjects (6ms)
			BackupInstance (0ms)
			ReleaseScriptingObjects (0ms)
			CreateAndSetChildDomain (56ms)
		EndReloadAssembly (2056ms)
			LoadAssemblies (182ms)
			RebuildTransferFunctionScriptingTraits (0ms)
			SetupTypeCache (638ms)
			ReleaseScriptCaches (1ms)
			RebuildScriptCaches (51ms)
			SetupLoadedEditorAssemblies (381ms)
				LogAssemblyErrors (0ms)
				InitializePlatformSupportModulesInManaged (6ms)
				SetLoadedEditorAssemblies (0ms)
				RefreshPlugins (1ms)
				BeforeProcessingInitializeOnLoad (69ms)
				ProcessInitializeOnLoadAttributes (290ms)
				ProcessInitializeOnLoadMethodAttributes (6ms)
				AfterProcessingInitializeOnLoad (9ms)
				EditorAssembliesLoaded (0ms)
			ExecutionOrderSort2 (0ms)
			AwakeInstancesAfterBackupRestoration (30ms)
Platform modules already initialized, skipping
Refreshing native plugins compatible for Editor in 0.76 ms, found 3 plugins.
Preloading 0 native plugins for Editor in 0.00 ms.
Unloading 3113 Unused Serialized files (Serialized files now loaded: 0)
System memory in use before: 0.59 GB.
System memory in use after: 0.59 GB.

Unloading 18 unused Assets to reduce memory usage. Loaded Objects now: 4451.
Total: 4.829800 ms (FindLiveObjects: 0.551600 ms CreateObjectMapping: 0.278300 ms MarkObjects: 3.643700 ms  DeleteObjects: 0.354500 ms)

AssetImportParameters requested are different than current active one (requested -> active):
  custom:framework-win-MediaFoundation: 216162199b28c13a410421893ffa2e32 -> 
  custom:video-decoder-ogg-theora: a1e56fd34408186e4bbccfd4996cb3dc -> 
  custom:container-muxer-webm: aa71ff27fc2769a1b78a27578f13a17b -> 
  custom:container-demuxer-webm: 4f35f7cbe854078d1ac9338744f61a02 -> 
  custom:container-demuxer-ogg: 62fdf1f143b41e24485cea50d1cbac27 -> 
  custom:video-encoder-webm-vp8: eb34c28f22e8b96e1ab97ce403110664 -> 
  custom:video-decoder-webm-vp8: 9c59270c3fd7afecdb556c50c9e8de78 -> 
  custom:audio-decoder-ogg-vorbis: bf7c407c2cedff20999df2af8eb42d56 -> 
  custom:audio-encoder-webm-vorbis: bf7c407c2cedff20999df2af8eb42d56 -> 
AssetImportWorkerClient::OnTransportError - code=2 error=End of file
